#Pos	Mean	SD
0	9291625.00	16486095.53
1920	9290375.00	16486792.72
2010	9289125.00	16487490.65
2040	9287875.00	16488189.30
2070	9286625.00	16488888.68
2080	9285375.00	16489588.79
2100	9284125.00	16490289.63
2110	9282750.00	16491068.58
2130	9281500.00	16491770.86
2140	9280250.00	16492473.87
2150	9279000.00	16493177.60
2160	9277750.00	16493882.07
2170	9276500.00	16494587.26
2180	9275250.00	16495293.18
2190	9274000.00	16495999.83
2200	9272750.00	16496707.20
2210	9271500.00	16497415.30
2220	9269000.00	16498833.69
2230	9267750.00	16499543.97
2240	9266500.00	16500254.99
2250	9264000.00	16501679.19
2260	9262750.00	16502392.38
2270	9261500.00	16503106.30
2280	9258875.00	16504607.89
2290	9256750.00	16505825.81
2300	9254375.00	16507189.50
2310	9251750.00	16508704.83
2320	9249500.00	16510001.75
2330	9247375.00	16511228.78
2340	9245500.00	16512313.19
2350	9243125.00	16513689.12
2360	9240625.00	16515140.30
2370	9237625.00	16516889.62
2380	9234375.00	16518784.79
2390	9231000.00	16520758.02
2400	9227375.00	16522883.31
2410	9223000.00	16525459.50
2420	9217375.00	16528780.41
2430	9206625.00	16535167.78
2440	9143462.50	16573771.89
2450	9143287.50	16573881.39
2460	9143037.50	16574035.44
2470	9143075.00	16574013.82
2480	9142887.50	16574128.77
2490	9142837.50	16574160.07
2500	9142537.50	16574343.59
2510	9142612.50	16574298.50
2520	9142462.50	16574390.00
2530	9142300.00	16574489.33
2540	9142262.50	16574512.80
2550	9142112.50	16574604.31
2560	9141950.00	16574703.65
2570	9141800.00	16574795.18
2580	9141525.00	16574962.60
2590	9141387.50	16575046.32
2600	9141250.00	16575130.05
2610	9141100.00	16575221.61
2620	9140962.50	16575305.35
2630	9140950.00	16575312.75
2640	9140812.50	16575396.50
2650	9140675.00	16575480.27
2660	9140412.50	16575640.00
2670	9140275.00	16575723.78
2680	9140012.50	16575883.55
2690	9140000.00	16575891.02
2700	9139862.50	16575974.84
2710	9139725.00	16576058.34
2720	9139475.00	16576210.38
2730	9139212.50	16576370.26
2740	9138950.00	16576530.18
2750	9138825.00	16576606.00
2760	9138562.50	16576765.97
2770	9138437.50	16576841.86
2780	9138175.00	16577001.90
2790	9138050.00	16577077.86
2800	9137787.50	16577237.83
2810	9137412.50	16577464.09
2820	9137287.50	16577540.21
2830	9136912.50	16577768.79
2840	9136525.00	16578005.33
2850	9136275.00	16578157.91
2860	9135775.00	16578463.17
2870	9135400.00	16578692.46
2880	9134650.00	16579150.93
2890	9133887.50	16579617.59
2900	9132387.50	16580536.42
2910	9110675.00	16593946.46
2920	9110762.50	16593898.01
2930	9110975.00	16593771.82
2940	9111250.00	16593606.78
2950	9111537.50	16593434.04
2960	9112212.50	16593026.45
2970	9112887.50	16592619.15
2980	9114225.00	16591810.78
2990	9115425.00	16591086.59
3000	9119750.00	16588479.67
3010	9156712.50	16566545.36
3020	9191925.00	16546233.43
3030	9192650.00	16545822.84
3040	9193125.00	16545554.51
3050	9193350.00	16545428.28
3060	9193575.00	16545302.07
3070	9193800.00	16545175.90
3080	9194025.00	16545044.62
3090	9194262.50	16544910.60
3100	9194375.00	16544847.54
3110	9194612.50	16544708.41
3120	9194725.00	16544645.37
3130	9194962.50	16544506.25
3140	9195075.00	16544439.47
3150	9195300.00	16544308.25
3170	9195537.50	16544169.16
3180	9195775.00	16544030.07
3190	9196025.00	16543877.41
3200	9196387.50	16543662.29
3210	9196500.00	16543594.14
3220	9196875.00	16543371.18
3230	9197237.50	16543151.03
3240	9197600.00	16542930.32
3250	9198100.00	16542631.48
3260	9198600.00	16542327.66
3270	9199212.50	16541955.94
3280	9200212.50	16541353.09
3290	9201200.00	16540755.39
3300	9202700.00	16539846.13
3310	9206700.00	16537425.33
3320	9288562.50	16489527.93
3330	9289937.50	16488742.97
3340	9291187.50	16488036.36
3350	9291425.00	16487890.97
3360	9291550.00	16487813.33
3380	9291800.00	16487663.77
3390	9293287.50	16486812.43
3400	9293412.50	16486734.79
3410	9293787.50	16486503.78
3420	9294037.50	16486348.56
3430	9294275.00	16486201.36
3440	9294650.00	16485970.44
3450	9295025.00	16485739.55
3460	9295525.00	16485431.14
3470	9296025.00	16485122.80
3480	9296650.00	16484735.26
3490	9297262.50	16484357.62
3500	9297887.50	16483972.09
3510	9299262.50	16483123.98
3520	9301262.50	16481892.20
3530	9305262.50	16479425.91
3540	5595887.50	14271887.14
3550	5597137.50	14271429.66
3560	5597887.50	14271150.92
3570	5598262.50	14271012.07
3580	5598750.00	14270823.85
3590	5599250.00	14270631.09
3600	5599750.00	14270433.73
3610	5600625.00	14270089.46
3620	5601250.00	14269846.96
3630	5602125.00	14269499.52
3640	5603250.00	14269052.23
3650	5604500.00	14268552.05
3660	5605875.00	14268011.39
3670	5608250.00	14267065.21
3680	5613625.00	14264938.02
3690	5632375.00	14257631.03
3700	5685625.00	14237932.84
3710	5686875.00	14237489.23
3720	5688250.00	14236999.03
3740	5688375.00	14236951.59
3750	5689625.00	14236509.67
3760	5689612.50	14236515.32
3780	5689737.50	14236467.88
3790	5690987.50	14236012.77
3810	5691112.50	14235965.31
3840	5692362.50	14235524.10
3880	5692487.50	14235476.64
3960	5692612.50	14235429.19
4150	5692737.50	14235381.76
4550	5693987.50	14234941.36
4760	601362.50	551494.61
4770	600362.50	552417.80
4780	600112.50	552650.61
4790	599987.50	552767.32
4800	599862.50	552884.24
4810	599737.50	553001.35
4820	599612.50	553118.67
4830	599487.50	553236.18
4840	599362.50	553353.90
4860	599237.50	553471.82
4890	599112.50	553589.93
4930	598987.50	553708.25
5020	598862.50	553826.77
6090	598850.00	553840.68
6290	598837.50	553854.58
6340	598850.00	553840.68
6370	598837.50	553854.58
6420	598850.00	553840.68
6570	598862.50	553826.77
6610	598875.00	553812.87
6650	598887.50	553798.97
6690	598900.00	553785.07
6720	598912.50	553771.18
6750	598925.00	553757.29
6780	598937.50	553743.39
6800	598950.00	553729.50
6830	598962.50	553715.62
6840	598975.00	553701.73
6870	598987.50	553687.85
6890	599000.00	553673.96
6910	599012.50	553660.08
6920	599025.00	553646.20
6930	599037.50	553632.33
6950	599050.00	553618.45
6960	599062.50	553604.58
6970	599075.00	553590.71
6980	599087.50	553576.84
6990	599100.00	553562.97
7000	599112.50	553549.11
7020	599125.00	553535.25
7030	599137.50	553521.38
7040	599150.00	553507.52
7050	599162.50	553493.67
7060	599187.50	553465.96
7070	599212.50	553438.26
7080	599225.00	553424.41
7090	599250.00	553396.72
7100	599275.00	553369.04
7110	599312.50	553327.53
7120	599350.00	553286.04
7130	599387.50	553244.56
7140	599437.50	553189.29
7150	599487.50	553134.05
7160	599550.00	553065.04
7170	599637.50	552968.50
7180	599712.50	552885.84
7190	599800.00	552789.48
7200	599962.50	552610.77
7210	600200.00	552350.18
7220	600800.00	551694.93
7230	663250.00	510460.79
7240	678000.00	509249.87
7250	679250.00	509304.22
7260	718875.00	523548.45
7290	720125.00	524381.39
7460	721375.00	525236.80
13200	721500.00	525068.70
13500	721625.00	524900.79
13800	721750.00	524733.06
13900	721875.00	524565.52
14100	722125.00	524230.98
14200	830250.00	465635.89
14300	830875.00	465859.71
14400	831262.50	465973.55
14500	831512.50	466066.50
14600	831762.50	466160.51
14700	832012.50	466255.57
14800	832137.50	466303.50
14900	832387.50	466400.14
15000	832650.00	466474.20
15100	833025.00	466622.70
15200	833275.00	466723.02
15300	833537.50	466800.75
15500	849800.00	475579.44
15600	851062.50	476409.82
15700	852312.50	477288.54
15800	852325.00	477264.87
16000	852337.50	477241.21
16100	852350.00	477217.54
16200	852375.00	477170.21
16300	852387.50	477146.55
16400	852412.50	477099.23
16500	852437.50	477051.92
16600	852450.00	477028.26
16700	852462.50	477004.61
16800	852487.50	476957.31
16900	852500.00	476933.66
17000	852525.00	476886.36
17100	852562.50	476815.44
17200	852600.00	476744.52
17300	852650.00	476649.99
17400	852712.50	476531.85
17500	852787.50	476390.14
17600	852912.50	476154.06
17700	853087.50	475823.80
17800	969375.00	354731.66
17900	970875.00	354895.33
18600	972125.00	355070.39
18800	972250.00	354735.21
19500	972375.00	354400.07
19800	972500.00	354064.97
19900	972625.00	353729.90
20000	972750.00	353394.86
20100	972875.00	353059.86
20200	973500.00	351385.42
20300	1127250.00	152258.94
20400	1128500.00	154652.61
20800	1129750.00	157089.37
974000	1013625.00	356626.23
975000	1013375.00	357261.38
976000	1013250.00	357579.06
977000	1013125.00	357896.81
978000	1013000.00	358214.62
979000	1012875.00	358532.50
980000	1012750.00	358850.45
981000	1012625.00	359168.46
982000	1012500.00	359486.54
984000	1012375.00	359804.68
985000	1012250.00	360122.90
987000	1012125.00	360441.17
988000	1012000.00	360759.52
990000	1011875.00	361077.92
991000	1011750.00	361396.40
992000	1011625.00	361714.94
993000	1011500.00	362033.54
994000	1011375.00	362352.21
995000	1011250.00	362670.94
996000	1011000.00	363308.61
997000	1010500.00	364584.70
998000	1007500.00	372262.20
999000	1007125.00	373224.34
1000000	1006875.00	373866.07
1010000	1006625.00	374508.03
1020000	1006500.00	374829.10
1200000	859500.00	425620.56
1210000	858625.00	427118.23
1220000	858250.00	427762.87
1230000	858125.00	427978.12
1330000	858000.00	428193.55
2780000	858000.00	428193.55
