#Time	LowerQ	Median	UpperQ
0	1	10000	76900
0.0046	1	10000	76900
0.0046	1	10000	76900
0.00952	1	10000	76900
0.00952	544	10100	76900
0.0148	544	10100	76900
0.0148	1000	10100	76900
0.0205	1000	10100	76900
0.0205	1090	10100	76900
0.0267	1090	10100	76900
0.0267	1120	10100	76900
0.0333	1120	10100	76900
0.0333	1130	10100	76900
0.39	1130	10100	76900
0.39	1140	10100	76900
1.4	1140	10100	76900
1.4	1160	10100	76900
1.6	1160	10100	76900
1.6	1230	10100	76900
1.66	1230	10100	76900
1.66	1260	10100	76900
2.4	1260	10100	76900
2.4	1280	10100	76900
4.03	1280	10100	76900
4.03	1330	10100	76900
4.53	1330	10100	76900
4.53	1340	10100	76900
5.18	1340	10100	76900
5.18	1340	10100	76900
5.23	1340	10100	76900
5.23	1350	10100	76900
5.79	1350	10100	76900
5.79	1370	10100	76900
7.05	1370	10100	76900
7.05	1420	10100	76900
8.63	1420	10100	76900
8.63	1460	10100	76900
9.35	1460	10100	76900
9.35	1480	10100	76900
9.55	1480	10100	76900
9.55	1490	10100	76900
10.1	1490	10100	76900
10.1	1490	10100	76900
10.2	1490	10100	76900
10.2	1520	10100	76900
10.7	1520	10100	76900
10.7	1520	10100	76900
10.8	1520	10100	76900
10.8	1580	10100	76900
11	1580	10100	76900
11	1600	10100	76900
12.1	1600	10100	76900
12.1	1640	10100	76900
12.2	1640	10100	76900
12.2	1680	10100	76900
12.7	1680	10100	76900
12.7	1720	10100	76900
13	1720	10100	76900
13	1720	10100	76900
13.5	1720	10100	76900
13.5	1760	10100	76900
15.1	1760	10100	76900
15.1	1830	10100	76900
15.3	1830	10100	76900
15.3	1930	10100	76900
15.6	1930	10100	76900
15.6	2000	10100	76900
16.4	2000	10100	76900
16.4	2030	10100	76900
16.8	2030	10100	76900
16.8	2040	10100	76900
18	2040	10100	76900
18	2070	10100	76900
18.3	2070	10100	76900
18.3	2100	10100	76900
18.4	2100	10100	76900
18.4	2110	10100	76900
18.7	2110	10100	76900
18.7	2110	10100	76900
19.1	2110	10100	76900
19.1	2230	10100	76900
19.7	2230	10100	76900
19.7	2260	10100	76900
19.9	2260	10100	76900
19.9	2330	10100	76900
20	2330	10100	76900
20	2390	10100	76900
20.1	2390	10100	76900
20.1	2420	10100	76900
20.4	2420	10100	76900
20.4	2430	10100	76900
20.7	2430	10100	76900
20.7	2490	10100	76900
21.7	2490	10100	76900
21.7	2520	10100	76900
21.9	2520	10100	76900
21.9	2590	10100	76900
22	2590	10100	76900
22	2760	10100	76900
22.2	2760	10100	76900
22.2	2810	10100	76900
22.4	2810	10100	76900
22.4	2910	10100	76900
22.5	2910	10100	76900
22.5	2950	10100	76900
22.8	2950	10100	76900
22.8	2990	10100	76900
23.1	2990	10100	76900
23.1	2990	10100	76900
24.8	2990	10100	76900
24.8	3150	10100	76900
25.5	3150	10100	76900
25.5	3290	10100	76900
26.2	3290	10100	76900
26.2	3430	10100	76900
27.3	3430	10100	76900
27.3	3540	10100	76900
27.6	3540	10100	76900
27.6	3560	10100	76900
27.7	3560	10100	76900
27.7	3590	10100	76900
28.1	3590	10100	76900
28.1	3590	10100	76900
28.4	3590	10100	76900
28.4	3610	10100	76900
28.5	3610	10100	76900
28.5	3630	10100	76900
30	3630	10100	76900
30	3900	10100	76900
30.2	3900	10100	76900
30.2	3940	10100	76900
30.3	3940	10100	76900
30.3	4010	10100	76900
31.2	4010	10100	76900
31.2	4150	10100	76900
31.4	4150	10100	76900
31.4	4180	10100	76900
32.3	4180	10100	76900
32.3	4180	10100	76900
32.4	4180	10100	76900
32.4	4280	10100	76900
32.7	4280	10100	76900
32.7	4460	10100	76900
33	4460	10100	76900
33	4480	10100	76900
33.5	4480	10100	76900
33.5	4570	10100	76900
33.7	4570	10100	76900
33.7	4690	10100	76900
34.2	4690	10100	76900
34.2	4990	10100	76900
34.4	4990	10100	76900
34.4	5020	10100	76900
34.6	5020	10100	76900
34.6	5080	10100	76900
35.8	5080	10100	76900
35.8	5180	10100	76900
36.8	5180	10100	76900
36.8	5230	10100	76900
37.2	5230	10100	76900
37.2	5550	10100	76900
37.3	5550	10100	76900
37.3	5570	10100	76900
37.5	5570	10100	76900
37.5	5740	10100	76900
39.4	5740	10100	76900
39.4	6210	10100	76900
39.5	6210	10100	76900
39.5	6320	10100	76900
39.8	6320	10100	76900
39.8	6470	10100	76900
41.6	6470	10100	76900
41.6	6510	10100	76900
42.5	6510	10100	76900
42.5	6550	10100	76900
42.7	6550	10100	76900
42.7	6660	10100	76900
43.5	6660	10100	76900
43.5	6760	10100	76900
43.8	6760	10100	76900
43.8	6950	10100	76900
52.8	6950	10100	76900
52.8	6970	10100	76900
53.1	6970	10100	76900
53.1	7140	10200	76900
55.9	7140	10200	76900
55.9	7190	10200	76900
57.2	7190	10200	76900
57.2	7240	10200	76900
60.9	7240	10200	76900
60.9	7260	10200	76900
73.9	7260	10200	76900
73.9	7490	10200	76900
76.8	7490	10200	76900
76.8	7520	10200	76900
81.2	7520	10200	76900
81.2	7520	10200	77300
82.2	7520	10200	77300
82.2	7520	10200	77300
89.1	7520	10200	77300
89.1	7520	10200	77300
94.1	7520	10200	77300
94.1	7520	10200	77300
94.4	7520	10200	77300
94.4	7520	10200	77300
95.4	7520	10200	77300
95.4	7520	10200	77300
97.6	7520	10200	77300
97.6	7520	10200	77300
100	7520	10200	77300
100	7520	10200	77300
101	7520	10200	77300
101	7520	10100	77300
102	7520	10100	77300
102	7520	10100	77300
105	7520	10100	77300
105	7520	10100	77300
107	7520	10100	77300
107	7520	10100	77300
109	7520	10100	77300
109	7520	10100	77300
110	7520	10100	77300
110	7520	10100	77300
114	7520	10100	77300
114	7630	10100	77300
115	7630	10100	77300
115	7630	10100	77300
117	7630	10100	77300
117	7630	10100	77300
119	7630	10100	77300
119	7630	10100	77300
120	7630	10100	77300
120	7630	10100	77300
121	7630	10100	77300
121	7630	10100	77300
124	7630	10100	77300
124	7630	10100	77300
126	7630	10100	77300
126	7630	10100	77300
129	7630	10100	77300
129	7680	10100	77300
130	7680	10100	77300
130	7680	10100	77300
131	7680	10100	77300
131	7680	10100	77300
132	7680	10100	77300
132	7680	10100	77300
133	7680	10100	77300
133	7680	10100	77300
134	7680	10100	77300
134	7700	10100	77300
137	7700	10100	77300
137	7700	10100	77300
139	7700	10100	77300
139	7830	10100	77300
140	7830	10100	77300
140	7700	10100	77300
142	7700	10100	77300
142	7700	10100	77300
143	7700	10100	77300
143	7830	10100	77300
145	7830	10100	77300
145	7830	10100	77300
146	7830	10100	77300
146	7830	10100	77300
147	7830	10100	77300
147	7830	10100	77300
148	7830	10100	77300
148	7830	10100	77300
149	7830	10100	77300
149	7830	10100	77300
155	7830	10100	77300
155	7830	10100	77300
157	7830	10100	77300
157	7830	10100	77300
161	7830	10100	77300
161	7830	10100	77300
162	7830	10100	77300
162	7830	10100	77300
163	7830	10100	77300
163	7830	10100	77300
164	7830	10100	77300
164	7830	10100	77300
165	7830	10100	77300
165	7830	10100	77300
166	7830	10100	77300
166	7830	10100	77300
167	7830	10100	77300
167	7830	10100	77300
169	7830	10100	77300
169	7840	10100	77300
171	7840	10100	77300
171	7840	10100	77300
175	7840	10100	77300
175	7860	10100	77300
176	7860	10100	77300
176	7860	10100	77300
178	7860	10100	77300
178	7860	10100	77300
180	7860	10100	77300
180	7970	10100	77300
183	7970	10100	77300
183	7970	10100	77300
186	7970	10100	77300
186	7970	10100	77300
188	7970	10100	77300
188	7970	10100	77300
190	7970	10100	77300
190	8080	10100	77300
192	8080	10100	77300
192	8170	10100	77300
196	8170	10100	77300
196	8170	10100	77300
198	8170	10100	77300
198	8170	10100	77300
199	8170	10100	77300
199	8170	10100	77300
202	8170	10100	77300
202	8170	10100	77300
204	8170	10100	77300
204	8170	10100	77300
205	8170	10100	77300
205	8170	10100	77300
207	8170	10100	77300
207	8170	10100	77300
209	8170	10100	77300
209	8170	10100	77300
215	8170	10100	77300
215	8170	10100	77300
216	8170	10100	77300
216	8170	10100	77300
217	8170	10100	77300
217	8170	10100	77300
219	8170	10100	77300
219	8080	10100	77300
232	8080	10100	77300
232	8080	10100	77300
234	8080	10100	77300
234	8080	10100	77300
238	8080	10100	77300
238	8170	10100	77300
242	8170	10100	77300
242	8170	10100	77300
246	8170	10100	77300
246	8170	10100	77300
247	8170	10100	77300
247	8090	10100	77300
249	8090	10100	77300
249	8080	10100	77300
250	8080	10100	77300
250	8030	10100	77300
252	8030	10100	77300
252	8030	10100	77300
256	8030	10100	77300
256	8030	10100	77300
260	8030	10100	77300
260	8030	10100	77300
261	8030	10100	77300
261	7970	10100	77300
264	7970	10100	77300
264	8030	10100	77300
270	8030	10100	77300
270	8080	10100	77300
272	8080	10100	77300
272	8080	10100	77300
275	8080	10100	77300
275	7970	10100	77300
278	7970	10100	77300
278	7970	10100	77300
282	7970	10100	77300
282	7910	10100	77300
289	7910	10100	77300
289	7910	10100	77300
292	7910	10100	77300
292	7860	10100	77300
295	7860	10100	77300
295	7840	10100	77300
304	7840	10100	77300
304	7840	10100	77300
306	7840	10100	77300
306	7830	10100	77300
310	7830	10100	77300
310	7830	10100	77300
313	7830	10100	77300
313	7840	10100	77300
314	7840	10100	77300
314	7860	10100	77300
315	7860	10100	77300
315	7860	10100	77300
319	7860	10100	77300
319	7840	10100	77300
324	7840	10100	77300
324	7840	10100	77300
335	7840	10100	77300
335	7830	10000	77300
339	7830	10000	77300
339	7830	10000	77300
342	7830	10000	77300
342	7830	10000	77300
343	7830	10000	77300
343	7790	10000	77300
345	7790	10000	77300
345	7790	10000	77300
354	7790	10000	77300
354	7780	10000	77300
356	7780	10000	77300
356	7780	10000	64700
361	7780	10000	64700
361	7780	10000	64700
365	7780	10000	64700
365	7780	10000	64700
367	7780	10000	64700
367	7780	10000	60500
372	7780	10000	60500
372	7780	10000	44400
373	7780	10000	44400
373	7780	10000	44400
375	7780	10000	44400
375	7780	10000	21900
378	7780	10000	21900
378	7630	10000	20700
380	7630	10000	20700
380	7530	10000	18800
383	7530	10000	18800
383	7630	10000	18800
386	7630	10000	18800
386	7520	10000	18100
397	7520	10000	18100
397	7530	10000	18100
398	7530	10000	18100
398	7520	10000	18100
400	7520	10000	18100
400	7520	10000	16700
406	7520	10000	16700
406	7520	10000	16400
412	7520	10000	16400
412	7490	10000	16200
413	7490	10000	16200
413	7490	10000	16200
414	7490	10000	16200
414	7520	10000	16200
416	7520	10000	16200
416	7520	10000	16200
419	7520	10000	16200
419	7490	10000	15600
420	7490	10000	15600
420	7520	10000	15600
421	7520	10000	15600
421	7490	10000	15500
424	7490	10000	15500
424	7520	10000	15500
425	7520	10000	15500
425	7490	10000	15100
428	7490	10000	15100
428	7520	10000	15100
430	7520	10000	15100
430	7520	10000	15100
432	7520	10000	15100
432	7530	10000	15100
434	7530	10000	15100
434	7530	10000	15100
436	7530	10000	15100
436	7520	10000	15100
439	7520	10000	15100
439	7530	10000	15100
445	7530	10000	15100
445	7520	10000	14900
450	7520	10000	14900
450	7490	10000	14400
451	7490	10000	14400
451	7490	10000	14400
455	7490	10000	14400
455	7520	10000	14400
463	7520	10000	14400
463	7490	10000	14400
464	7490	10000	14400
464	7520	10000	14400
467	7520	10000	14400
467	7520	10000	14400
471	7520	10000	14400
471	7530	10000	14400
476	7530	10000	14400
476	7530	10000	14200
477	7530	10000	14200
477	7520	10000	14200
480	7520	10000	14200
480	7520	10000	13800
481	7520	10000	13800
481	7530	10000	13800
495	7530	10000	13800
495	7530	10000	13800
496	7530	10000	13800
496	7530	10000	13400
501	7530	10000	13400
501	7630	10000	13400
504	7630	10000	13400
504	7490	10000	13200
515	7490	10000	13200
515	7490	10000	13100
526	7490	10000	13100
526	7490	10000	13000
534	7490	10000	13000
534	7490	10000	13000
535	7490	10000	13000
535	7530	10000	13000
537	7530	10000	13000
537	7630	10000	13000
540	7630	10000	13000
540	7530	10000	13000
548	7530	10000	13000
548	7630	10000	13000
554	7630	10000	13000
554	7630	10000	12900
556	7630	10000	12900
556	7630	10000	12900
557	7630	10000	12900
557	7780	10000	12900
559	7780	10000	12900
559	7780	10000	12900
561	7780	10000	12900
561	7780	10000	13000
570	7780	10000	13000
570	7780	10000	13000
579	7780	10000	13000
579	7780	10000	13000
587	7780	10000	13000
587	7780	10000	12900
588	7780	10000	12900
588	7780	10000	12900
589	7780	10000	12900
589	7790	10000	12900
592	7790	10000	12900
592	7830	10000	12900
603	7830	10000	12900
603	7840	10000	12900
604	7840	10000	12900
604	7860	10000	12900
605	7860	10000	12900
605	7910	10000	13000
615	7910	10000	13000
615	7910	10000	13000
619	7910	10000	13000
619	7910	10000	13000
620	7910	10000	13000
620	7910	10000	13000
621	7910	10000	13000
621	7910	10000	13000
632	7910	10000	13000
632	7910	10000	13000
642	7910	10000	13000
642	7920	10000	13000
643	7920	10000	13000
643	7910	10000	13000
645	7910	10000	13000
645	7910	10000	13000
657	7910	10000	13000
657	7920	10000	13000
662	7920	10000	13000
662	7920	10000	13000
663	7920	10000	13000
663	7920	10000	13000
666	7920	10000	13000
666	8030	10000	13000
670	8030	10000	13000
670	8030	10000	13000
671	8030	10000	13000
671	8030	10000	13000
678	8030	10000	13000
678	8080	10000	13000
696	8080	10000	13000
696	8090	10000	13000
699	8090	10000	13000
699	8110	10000	13000
706	8110	10000	13000
706	8190	10000	13000
710	8190	10000	13000
710	8230	10000	13000
713	8230	10000	13000
713	8230	10000	13000
730	8230	10000	13000
730	8230	10000	13000
733	8230	10000	13000
733	8230	10000	13000
741	8230	10000	13000
741	8480	10000	13000
745	8480	10000	13000
745	8480	10000	13000
785	8480	10000	13000
785	8480	10000	13000
786	8480	10000	13000
786	8500	10000	13000
794	8500	10000	13000
794	8500	10000	13000
824	8500	10000	13000
824	8540	10000	13000
826	8540	10000	13000
826	8540	10000	13000
829	8540	10000	13000
829	8540	10000	13000
831	8540	10000	13000
831	8500	10000	13000
841	8500	10000	13000
841	8500	10000	13000
862	8500	10000	13000
862	8500	10000	13000
865	8500	10000	13000
865	8500	10000	12900
871	8500	10000	12900
871	8500	10000	12900
890	8500	10000	12900
890	8500	10000	12900
896	8500	10000	12900
896	8500	10000	12900
914	8500	10000	12900
914	8610	10000	13000
925	8610	10000	13000
925	8500	10000	13000
927	8500	10000	13000
927	8500	10000	13000
965	8500	10000	13000
965	8610	10000	13000
974	8610	10000	13000
974	8610	10000	12900
978	8610	10000	12900
978	8610	10000	12900
992	8610	10000	12900
992	8610	10000	12900
993	8610	10000	12900
993	8610	10000	12900
1000	8610	10000	12900
1000	8640	10000	12500
1010	8640	10000	12500
1010	8640	10000	12500
1030	8640	10000	12500
1030	8640	10000	12500
1060	8640	10000	12500
1060	8480	10000	12400
1070	8480	10000	12400
1070	8480	10000	12200
1080	8480	10000	12200
1080	8480	10000	12200
1110	8480	10000	12200
1110	8640	10000	12400
1130	8640	10000	12400
1130	8640	10000	12400
1160	8640	10000	12400
1160	8640	10000	12400
1170	8640	10000	12400
1170	8650	10000	12400
1200	8650	10000	12400
1200	8650	10000	12400
1210	8650	10000	12400
1210	8650	10000	12400
1220	8650	10000	12400
1220	8700	10000	12400
1230	8700	10000	12400
1230	8700	10000	12400
1240	8700	10000	12400
1240	8700	10000	12400
1250	8700	10000	12400
1250	8650	10000	12400
1270	8650	10000	12400
1270	8650	10000	12400
1280	8650	10000	12400
1280	8480	10000	12100
1310	8480	10000	12100
1310	8480	10000	12100
1350	8480	10000	12100
1350	8640	10000	12100
1370	8640	10000	12100
1370	8640	10000	12100
1380	8640	10000	12100
1380	8650	10000	12100
1390	8650	10000	12100
1390	8650	10000	12100
1410	8650	10000	12100
1410	8650	10000	12000
1430	8650	10000	12000
1430	8650	10000	12000
1440	8650	10000	12000
1440	8640	10000	11900
1450	8640	10000	11900
1450	8480	10000	11900
1460	8480	10000	11900
1460	8480	10000	11900
1480	8480	10000	11900
1480	8480	10000	11900
1490	8480	10000	11900
1490	8620	10000	11900
1530	8620	10000	11900
1530	8640	10000	11900
1570	8640	10000	11900
1570	8650	10000	11900
1580	8650	10000	11900
1580	8650	10000	11900
1590	8650	10000	11900
1590	8650	10000	11900
1600	8650	10000	11900
1600	8650	10000	11900
1620	8650	10000	11900
1620	8650	10000	11900
1630	8650	10000	11900
1630	8640	10000	11800
1640	8640	10000	11800
1640	8640	10000	11800
1650	8640	10000	11800
1650	8640	10000	11800
1660	8640	10000	11800
1660	8640	10000	11800
1700	8640	10000	11800
1700	8640	10000	11800
1750	8640	10000	11800
1750	8640	10000	11800
1760	8640	10000	11800
1760	8620	10000	11700
1830	8620	10000	11700
1830	8640	10000	11700
1840	8640	10000	11700
1840	8620	10000	11700
1860	8620	10000	11700
1860	8620	10000	11600
1870	8620	10000	11600
1870	8620	10000	11600
1880	8620	10000	11600
1880	8620	10000	11600
1970	8620	10000	11600
1970	8640	10000	11700
1980	8640	10000	11700
1980	8640	10000	11700
2030	8640	10000	11700
2030	8650	10000	11700
2060	8650	10000	11700
2060	8650	10000	11700
2070	8650	10000	11700
2070	8650	10000	11700
2080	8650	10000	11700
2080	8640	10000	11600
2110	8640	10000	11600
2110	8640	10000	11600
2120	8640	10000	11600
2120	8620	10000	11600
2150	8620	10000	11600
2150	8620	10000	11600
2160	8620	10000	11600
2160	8620	10000	11600
2170	8620	10000	11600
2170	8610	10000	11600
2180	8610	10000	11600
2180	8610	10000	11600
2200	8610	10000	11600
2200	8620	10000	11600
2220	8620	10000	11600
2220	8620	10000	11600
2240	8620	10000	11600
2240	8620	10000	11600
2250	8620	10000	11600
2250	8620	10000	11600
2290	8620	10000	11600
2290	8640	10000	11600
2300	8640	10000	11600
2300	8700	10000	11700
2340	8700	10000	11700
2340	8640	10000	11700
2350	8640	10000	11700
2350	8700	10000	11800
2370	8700	10000	11800
2370	8700	10000	11800
2380	8700	10000	11800
2380	8640	10000	11700
2390	8640	10000	11700
2390	8700	10000	11700
2440	8700	10000	11700
2440	8700	10000	11600
2450	8700	10000	11600
2450	8640	10000	11600
2470	8640	10000	11600
2470	8640	10000	11600
2480	8640	10000	11600
2480	8640	10000	11600
2490	8640	10000	11600
2490	8700	10000	11600
2510	8700	10000	11600
2510	8700	10000	11600
2540	8700	10000	11600
2540	8700	10000	11700
2570	8700	10000	11700
2570	8700	10000	11700
2600	8700	10000	11700
2600	8640	10000	11700
2620	8640	10000	11700
2620	8620	10000	11700
2690	8620	10000	11700
2690	8700	10000	11800
2700	8700	10000	11800
2700	8640	10000	11700
2710	8640	10000	11700
2710	8640	10000	11700
2740	8640	10000	11700
2740	8700	10000	11700
2750	8700	10000	11700
2750	8680	10000	11700
2770	8680	10000	11700
2770	8740	10000	11700
2780	8740	10000	11700
2780	8750	10000	11800
2790	8750	10000	11800
2790	8750	10000	11800
2800	8750	10000	11800
2800	8750	10000	11800
2830	8750	10000	11800
2830	8750	10000	11800
2840	8750	10000	11800
2840	8740	10000	11700
2860	8740	10000	11700
2860	8740	10000	11700
2880	8740	10000	11700
2880	8740	10000	11700
2900	8740	10000	11700
2900	8740	10000	11700
2920	8740	10000	11700
2920	8750	10000	11800
2940	8750	10000	11800
2940	8750	10000	11800
2970	8750	10000	11800
2970	8750	10000	11700
2980	8750	10000	11700
2980	8750	10000	11700
2990	8750	10000	11700
2990	8750	10000	11700
3000	8750	10000	11700
3000	8750	10000	11700
3020	8750	10000	11700
3020	8750	10000	11700
3030	8750	10000	11700
3030	8750	10000	11700
3060	8750	10000	11700
3060	8750	10000	11700
3070	8750	10000	11700
3070	8740	10000	11600
3090	8740	10000	11600
3090	8740	10000	11700
3100	8740	10000	11700
3100	8750	10000	11700
3180	8750	10000	11700
3180	8750	10000	11800
3190	8750	10000	11800
3190	8780	10000	11800
3200	8780	10000	11800
3200	8780	10000	11800
3210	8780	10000	11800
3210	8860	10000	11800
3240	8860	10000	11800
3240	8860	10000	11900
3250	8860	10000	11900
3250	8860	10000	11900
3330	8860	10000	11900
3330	8860	10000	11900
3350	8860	10000	11900
3350	8860	10000	11900
3360	8860	10000	11900
3360	8860	10000	11900
3390	8860	10000	11900
3390	8780	10000	11900
3410	8780	10000	11900
3410	8780	10000	11900
3430	8780	10000	11900
3430	8780	10000	11900
3550	8780	10000	11900
3550	8780	10000	11900
3560	8780	10000	11900
3560	8780	10000	11900
3680	8780	10000	11900
3680	8860	10000	12000
3730	8860	10000	12000
3730	8860	10000	12000
3800	8860	10000	12000
3800	8860	10000	12000
3830	8860	10000	12000
3830	8860	10000	12000
3890	8860	10000	12000
3890	8860	10000	12000
3900	8860	10000	12000
3900	8860	10000	12000
3980	8860	10000	12000
3980	8860	10000	12000
4010	8860	10000	12000
4010	8860	10000	12000
4020	8860	10000	12000
4020	8860	10000	12000
4070	8860	10000	12000
4070	8860	10000	12000
4080	8860	10000	12000
4080	8860	10000	12000
4090	8860	10000	12000
4090	8860	10000	12000
4110	8860	10000	12000
4110	8860	10000	12000
4130	8860	10000	12000
4130	8860	10000	12000
4150	8860	10000	12000
4150	8860	10000	12000
4160	8860	10000	12000
4160	8860	10000	12000
4200	8860	10000	12000
4200	8870	10000	12100
4260	8870	10000	12100
4260	8860	10000	12100
4270	8860	10000	12100
4270	8860	10000	12300
4320	8860	10000	12300
4320	8750	10000	12300
4350	8750	10000	12300
4350	8780	10000	12400
4390	8780	10000	12400
4390	8780	10000	12400
4410	8780	10000	12400
4410	8750	10000	12400
4500	8750	10000	12400
4500	8740	10000	12400
4550	8740	10000	12400
4550	8750	10000	12400
4570	8750	10000	12400
4570	8780	10000	12500
4600	8780	10000	12500
4600	8780	10000	12500
4620	8780	10000	12500
4620	8750	10000	12400
4650	8750	10000	12400
4650	8750	10000	12400
4710	8750	10000	12400
4710	8750	10000	12500
4720	8750	10000	12500
4720	8740	10000	12500
4730	8740	10000	12500
4730	8750	10000	12800
4790	8750	10000	12800
4790	8780	10000	12800
4830	8780	10000	12800
4830	8780	10000	12800
4860	8780	10000	12800
4860	8860	10000	12800
4870	8860	10000	12800
4870	8780	10000	12800
4940	8780	10000	12800
4940	8780	10000	12800
4950	8780	10000	12800
4950	8780	10000	12800
5020	8780	10000	12800
5020	8780	10000	12800
5030	8780	10000	12800
5030	8780	10000	12800
5040	8780	10000	12800
5040	8780	10000	12500
5170	8780	10000	12500
5170	8780	10000	12500
5180	8780	10000	12500
5180	8780	10000	12500
5190	8780	10000	12500
5190	8860	10000	12800
5230	8860	10000	12800
5230	8870	10000	12800
5240	8870	10000	12800
5240	8870	10000	12800
5270	8870	10000	12800
5270	8860	10000	12800
5280	8860	10000	12800
5280	8860	10000	12900
5310	8860	10000	12900
5310	8780	10000	12900
5350	8780	10000	12900
5350	8860	10000	13100
5450	8860	10000	13100
5450	8780	10000	13100
5460	8780	10000	13100
5460	8780	10000	13100
5560	8780	10000	13100
5560	8780	10000	13100
5570	8780	10000	13100
5570	8780	10000	13100
5640	8780	10000	13100
5640	8860	10000	13200
5680	8860	10000	13200
5680	8860	10000	13200
5690	8860	10000	13200
5690	8860	10000	13200
5740	8860	10000	13200
5740	8860	10000	13200
5800	8860	10000	13200
5800	8780	10000	13200
5810	8780	10000	13200
5810	8860	10000	13200
5820	8860	10000	13200
5820	8870	10000	13200
5890	8870	10000	13200
5890	8870	10000	13200
5920	8870	10000	13200
5920	8870	10000	13200
5960	8870	10000	13200
5960	8870	10000	13200
6020	8870	10000	13200
6020	8870	10000	13200
6040	8870	10000	13200
6040	8890	10000	13300
6090	8890	10000	13300
6090	8890	10000	13300
6160	8890	10000	13300
6160	8890	10000	13300
6220	8890	10000	13300
6220	8870	10000	13300
6240	8870	10000	13300
6240	8870	10000	13300
6280	8870	10000	13300
6280	8870	10000	13300
6300	8870	10000	13300
6300	8870	10000	13400
6310	8870	10000	13400
6310	8870	10000	13800
6320	8870	10000	13800
6320	8870	10000	13900
6340	8870	10000	13900
6340	8870	10000	13900
6360	8870	10000	13900
6360	8870	10000	13900
6370	8870	10000	13900
6370	8870	10000	13900
6470	8870	10000	13900
6470	8870	10000	14100
6480	8870	10000	14100
6480	8870	10000	14100
6540	8870	10000	14100
6540	8870	10000	14100
6610	8870	10000	14100
6610	8860	10000	14100
6620	8860	10000	14100
6620	8780	10000	14100
6690	8780	10000	14100
6690	8860	10000	14300
6790	8860	10000	14300
6790	8780	10000	14300
6840	8780	10000	14300
6840	8780	10000	14300
6870	8780	10000	14300
6870	8780	10000	14300
6880	8780	10000	14300
6880	8780	10000	14300
6890	8780	10000	14300
6890	8780	10000	14300
6910	8780	10000	14300
6910	8780	10000	14300
6940	8780	10000	14300
6940	8860	10000	14300
6960	8860	10000	14300
6960	8780	10000	14300
6970	8780	10000	14300
6970	8750	10000	14300
7020	8750	10000	14300
7020	8750	10000	14300
7040	8750	10000	14300
7040	8730	10000	14300
7080	8730	10000	14300
7080	8730	10000	14300
7120	8730	10000	14300
7120	8730	10000	14300
7180	8730	10000	14300
7180	8730	10000	14300
7200	8730	10000	14300
7200	8700	10000	14300
7210	8700	10000	14300
7210	8680	10000	14100
7220	8680	10000	14100
7220	8680	10000	14100
7240	8680	10000	14100
7240	8700	10000	14100
7290	8700	10000	14100
7290	8700	10000	14100
7320	8700	10000	14100
7320	8700	10000	14100
7340	8700	10000	14100
7340	8700	10000	14100
7390	8700	10000	14100
7390	8730	10000	14300
7400	8730	10000	14300
7400	8730	10000	14100
7500	8730	10000	14100
7500	8700	10000	13900
7670	8700	10000	13900
7670	8700	10000	13800
7710	8700	10000	13800
7710	8700	10000	13800
7820	8700	10000	13800
7820	8700	10000	13800
7870	8700	10000	13800
7870	8680	10000	13300
7940	8680	10000	13300
7940	8680	10000	13300
7980	8680	10000	13300
7980	8700	10000	13800
8200	8700	10000	13800
8200	8700	10000	13800
8370	8700	10000	13800
8370	8700	10000	13800
8430	8700	10000	13800
8430	8700	10000	13800
8460	8700	10000	13800
8460	8700	10000	13800
8480	8700	10000	13800
8480	8700	10000	13800
8520	8700	10000	13800
8520	8700	10000	13800
8540	8700	10000	13800
8540	8700	10000	13700
8560	8700	10000	13700
8560	8700	10000	13800
8580	8700	10000	13800
8580	8680	10000	13700
8640	8680	10000	13700
8640	8680	10000	13700
8670	8680	10000	13700
8670	8640	10000	13700
8740	8640	10000	13700
8740	8640	10000	13700
8800	8640	10000	13700
8800	8640	10000	13700
8840	8640	10000	13700
8840	8640	10000	13700
8940	8640	10000	13700
8940	8640	10000	13700
8990	8640	10000	13700
8990	8620	10000	13300
9010	8620	10000	13300
9010	8620	10000	13300
9070	8620	10000	13300
9070	8610	10000	13300
9090	8610	10000	13300
9090	8610	10000	13300
9110	8610	10000	13300
9110	8610	10000	13300
9120	8610	10000	13300
9120	8610	10000	13300
9150	8610	10000	13300
9150	8610	10000	13300
9190	8610	10000	13300
9190	8590	10000	13300
9230	8590	10000	13300
9230	8610	10000	13700
9260	8610	10000	13700
9260	8620	10000	13800
9270	8620	10000	13800
9270	8620	10000	13800
9300	8620	10000	13800
9300	8640	10000	13900
9350	8640	10000	13900
9350	8680	10000	14300
9400	8680	10000	14300
9400	8680	10000	14300
9420	8680	10000	14300
9420	8680	10000	14300
9490	8680	10000	14300
9490	8700	10000	14300
9500	8700	10000	14300
9500	8700	10000	14500
9640	8700	10000	14500
9640	8730	10000	14500
9780	8730	10000	14500
9780	8730	10000	14500
9820	8730	10000	14500
9820	8700	10000	14500
9830	8700	10000	14500
9830	8680	10000	14500
9910	8680	10000	14500
9910	8640	10000	14500
10100	8640	10000	14500
10100	8620	10000	14500
10300	8620	10000	14500
10300	8640	10000	14600
10400	8640	10000	14600
10400	8680	10000	14900
10500	8680	10000	14900
10500	8680	10000	14900
10600	8680	10000	14900
10600	8700	10000	14900
10800	8700	10000	14900
10800	8730	10000	15000
10900	8730	10000	15000
10900	8730	10000	15000
11000	8730	10000	15000
11000	8870	10000	15000
11100	8870	10000	15000
11100	8730	10000	15100
11300	8730	10000	15100
11300	8730	10000	15100
11400	8730	10000	15100
11400	8730	10000	15100
11500	8730	10000	15100
11500	8730	10000	15100
11600	8730	10000	15100
11600	8730	10000	15400
11700	8730	10000	15400
11700	8640	10000	15400
11800	8640	10000	15400
11800	8640	10000	15400
11900	8640	10000	15400
11900	8610	10000	15400
12000	8610	10000	15400
12000	8610	10000	15400
12100	8610	10000	15400
12100	8440	10000	15400
12200	8440	10000	15400
12200	7900	10000	15400
12300	7900	10000	15400
12300	7730	10000	15400
12400	7730	10000	15400
12400	7470	10000	15400
12500	7470	10000	15400
12500	7470	10000	15400
12600	7470	10000	15400
12600	7280	10000	15400
12700	7280	10000	15400
12700	7270	10000	15400
12800	7270	10000	15400
12800	6730	10000	15400
12900	6730	10000	15400
12900	6730	10000	15400
13000	6730	10000	15400
13000	6630	10000	15400
13100	6630	10000	15400
13100	6580	10000	15100
13200	6580	10000	15100
13200	6490	10000	15100
13300	6490	10000	15100
13300	6390	10000	15100
13500	6390	10000	15100
13500	6380	10000	15100
13600	6380	10000	15100
13600	6370	10000	15100
13700	6370	10000	15100
13700	6360	10000	15100
13900	6360	10000	15100
13900	6250	10000	15000
14100	6250	10000	15000
14100	6250	10000	15000
14200	6250	10000	15000
14200	6250	10000	15000
14300	6250	10000	15000
14300	6270	10000	15000
14400	6270	10000	15000
14400	6250	10000	14900
14500	6250	10000	14900
14500	6170	10000	14800
14600	6170	10000	14800
14600	6270	10000	14800
14700	6270	10000	14800
14700	6360	10000	14800
14800	6360	10000	14800
14800	6390	10000	14800
14900	6390	10000	14800
14900	6730	10000	14800
15300	6730	10000	14800
15300	7130	10000	14800
15500	7130	10000	14800
15500	7270	10000	14800
15600	7270	10000	14800
15600	7280	10000	14800
15700	7280	10000	14800
15700	7900	10000	14800
15800	7900	10000	14800
15800	8170	10000	14800
15900	8170	10000	14800
15900	8440	10000	14800
16000	8440	10000	14800
16000	8610	10000	14800
16100	8610	10000	14800
16100	8870	10000	14800
16200	8870	10000	14800
16200	8970	10000	14800
16300	8970	10000	14800
16300	8970	10000	14800
16400	8970	10000	14800
16400	9030	10000	14800
16600	9030	10000	14800
16600	9120	10000	14800
16700	9120	10000	14800
16700	9200	10000	14800
16800	9200	10000	14800
16800	9210	10000	14800
16900	9210	10000	14800
16900	9260	10000	14800
17000	9260	10000	14800
17000	9310	10000	14800
17100	9310	10000	14800
17100	9320	10000	14800
17200	9320	10000	14800
17200	9350	10000	14800
17300	9350	10000	14800
17300	9380	10100	14800
17400	9380	10100	14800
17400	9390	10100	14800
17500	9390	10100	14800
17500	9400	10100	14800
17600	9400	10100	14800
17600	9420	10100	14800
17700	9420	10100	14800
17700	9420	10100	14800
17800	9420	10100	14800
17800	9430	10100	14800
17900	9430	10100	14800
17900	9430	10100	14800
18000	9430	10100	14800
18000	9430	10100	14800
18100	9430	10100	14800
18100	9430	10100	14800
18200	9430	10100	14800
18200	9430	10100	14800
18300	9430	10100	14800
18300	9430	10100	14800
18400	9430	10100	14800
18400	9430	10100	14800
18500	9430	10100	14800
18500	9430	10100	14800
18600	9430	10100	14800
18600	9430	10100	14800
18700	9430	10100	14800
18700	9430	10100	14800
18800	9430	10100	14800
18800	9430	10100	14800
18900	9430	10100	14800
18900	9430	10100	14800
19000	9430	10100	14800
19000	9430	10100	14800
19100	9430	10100	14800
19100	9420	10100	14800
19200	9420	10100	14800
19200	9390	10100	14800
19300	9390	10100	14800
19300	9390	10100	14800
19400	9390	10100	14800
19400	9380	10100	14800
19500	9380	10100	14800
19500	9380	10100	14800
19600	9380	10100	14800
19600	9380	10100	14800
19700	9380	10100	14800
19700	9380	10100	14800
19800	9380	10100	14800
19800	9380	10100	14800
19900	9380	10100	14800
19900	9370	10100	14800
20000	9370	10100	14800
20000	9360	10100	14800
20100	9360	10100	14800
20100	9330	10100	14800
20200	9330	10100	14800
20200	9310	10000	14800
20300	9310	10000	14800
20300	9290	10000	14800
20400	9290	10000	14800
20400	9280	10000	14800
20500	9280	10000	14800
20500	9270	10000	14800
20600	9270	10000	14800
20600	9260	10000	14800
20800	9260	10000	14800
20800	9230	10000	14800
20900	9230	10000	14800
20900	9220	10000	14600
21000	9220	10000	14600
21000	9180	10000	14600
21100	9180	10000	14600
21100	9120	10000	14600
21300	9120	10000	14600
21300	9110	10000	14600
21400	9110	10000	14600
21400	9110	10000	14600
21500	9110	10000	14600
21500	9020	10000	14300
21600	9020	10000	14300
21600	8960	10000	14000
21700	8960	10000	14000
21700	8920	10000	12500
21800	8920	10000	12500
21800	8890	10000	12100
21900	8890	10000	12100
21900	8840	10000	11900
22000	8840	10000	11900
22000	8820	10000	11900
22100	8820	10000	11900
22100	8820	10000	11900
22300	8820	10000	11900
22300	8790	10000	11900
22400	8790	10000	11900
22400	8780	10000	11900
22500	8780	10000	11900
22500	8760	10000	11800
22600	8760	10000	11800
22600	8760	10000	11800
22700	8760	10000	11800
22700	8720	10000	11800
22900	8720	10000	11800
22900	8720	10000	11700
23000	8720	10000	11700
23000	8690	10000	11700
23100	8690	10000	11700
23100	8680	10000	11700
23300	8680	10000	11700
23300	8670	10000	11700
23500	8670	10000	11700
23500	8610	10000	11600
23700	8610	10000	11600
23700	8560	10000	11600
24000	8560	10000	11600
24000	8530	10000	11600
36000	8530	10000	11600
36000	8530	10000	11600
36100	8530	10000	11600
36100	8530	10000	11600
36200	8530	10000	11600
36200	8530	10000	11600
36300	8530	10000	11600
36300	8530	10000	11600
36600	8530	10000	11600
36600	8530	10000	11600
36700	8530	10000	11600
36700	8530	10000	11600
36800	8530	10000	11600
36800	8530	10000	11600
36900	8530	10000	11600
36900	8530	10000	11600
37000	8530	10000	11600
37000	8530	10000	11600
37100	8530	10000	11600
37100	8530	10000	11600
37200	8530	10000	11600
37200	8530	10000	11600
37300	8530	10000	11600
37300	8530	10000	11600
37400	8530	10000	11600
37400	8530	10000	11600
37500	8530	10000	11600
37500	8530	10000	11600
37600	8530	10000	11600
37600	8530	10000	11600
37700	8530	10000	11600
37700	8530	10000	11600
37800	8530	10000	11600
37800	8530	10000	11600
37900	8530	10000	11600
37900	8530	10000	11600
38000	8530	10000	11600
38000	8530	10000	11600
38100	8530	10000	11600
38100	8530	10000	11600
38200	8530	10000	11600
38200	8530	10000	11600
38300	8530	10000	11600
38300	8530	10000	11600
38400	8530	10000	11600
38400	8530	10000	11600
38500	8530	10000	11600
38500	8530	10000	11600
38600	8530	10000	11600
38600	8530	10000	11600
38700	8530	10000	11600
38700	8530	10000	11600
38800	8530	10000	11600
38800	8530	10000	11600
38900	8530	10000	11600
38900	8530	10000	11600
39000	8530	10000	11600
39000	8530	10000	11600
39100	8530	10000	11600
39100	8530	10000	11600
39200	8530	10000	11600
39200	8530	10000	11600
39300	8530	10000	11600
39300	8530	10000	11600
39400	8530	10000	11600
39400	8530	10000	11600
39500	8530	10000	11600
39500	8530	10000	11600
39600	8530	10000	11600
39600	8530	10000	11600
39700	8530	10000	11600
39700	8530	10000	11600
39800	8530	10000	11600
39800	8530	10000	11600
39900	8530	10000	11600
39900	8530	10000	11600
40000	8530	10000	11600
40000	8530	10000	11600
40100	8530	10000	11600
40100	8530	10000	11600
40200	8530	10000	11600
40200	8530	10000	11600
40300	8530	10000	11600
40300	8530	10000	11600
40400	8530	10000	11600
40400	8530	10000	11600
40500	8530	10000	11600
40500	8530	10000	11600
40700	8530	10000	11600
40700	8530	10000	11600
40800	8530	10000	11600
40800	8530	10000	11600
40900	8530	10000	11600
40900	8530	10000	11600
41000	8530	10000	11600
41000	8530	10000	11600
41200	8530	10000	11600
41200	8530	10000	11600
42100	8530	10000	11600
