0	9800
18300	9800
18300	10500
39300	10500

0	1520
22.5	1520
22.5	10200
39300	10200

0	16700
342	16700
342	9550
37100	9550

0	63500
292	63500
292	6820
1170	6820
1170	10100
18800	10100
18800	10500
39800	10500

0	1
0.00952	1
0.00952	11400
4070	11400
4070	9660
37900	9660

0	9820
5240	9820
5240	10500
40200	10500

0	5080
169	5080
169	10500
12400	10500
12400	6360
16600	6360
16600	11700
40100	11700

0	1640
15.6	1640
15.6	9980
38500	9980

0	15500
515	15500
515	9190
17400	9190
17400	9980
37300	9980

0	9010
2800	9010
2800	10200
39200	10200

0	10100
12100	10100
12100	14200
21500	14200
21500	8230
38000	8230

0	1
0.0148	1
0.0148	10300
12200	10300
12200	9200
36700	9200

0	25400
117	25400
117	10200
39400	10200

0	10900
841	10900
841	9620
37300	9620

0	9880
5270	9880
5270	5990
9260	5990
9260	21100
23300	21100
23300	7760
38800	7760

0	54100
249	54100
249	8030
2350	8030
2350	12300
13900	12300
13900	2780
15700	2780
15700	11900
39600	11900

0	1
0.00952	1
0.00952	10600
12600	10600
12600	12800
21100	12800
21100	9400
39900	9400

0	11600
662	11600
662	9860
38200	9860

0	1
0.00952	1
0.00952	10400
19400	10400
19400	9730
38900	9730

0	38100
175	38100
175	9810
38100	9810

0	9810
5230	9810
5230	10300
39700	10300

0	10300
12400	10300
12400	9770
38400	9770

0	1580
32.4	1580
32.4	10400
40200	10400

0	8970
2790	8970
2790	9060
10800	9060
10800	16400
21800	16400
21800	8760
39300	8760

0	9820
11800	9820
11800	10600
40000	10600

0	26100
120	26100
120	9590
37200	9590

0	10900
4010	10900
4010	9740
38100	9740

0	10200
2340	10200
2340	1680
2690	1680
2690	12800
21000	12800
21000	8370
37700	8370

0	1340
19.9	1340
19.9	9810
11700	9810
11700	12600
20100	12600
20100	8890
37800	8890

0	24900
115	24900
115	9450
36600	9450

0	10400
12500	10400
12500	9890
38900	9890

0	985
4.53	985
4.53	15100
1280	15100
1280	8060
4860	8060
4860	10600
40300	10600

0	9690
5170	9690
5170	10500
40100	10500

0	162
2.4	162
2.4	10700
19800	10700
19800	9810
39400	9810

0	26200
120	26200
120	10200
39400	10200

0	8500
992	8500
992	40800
2450	40800
2450	3900
5230	3900
5230	26100
13900	26100
13900	8270
19500	8270
19500	9240
37900	9240

0	9080
3330	9080
3330	9780
37600	9780

0	1
0.00952	1
0.00952	10100
38800	10100

0	2430
23.1	2430
23.1	10000
38600	10000

0	28100
129	28100
129	9760
37800	9760

0	10200
5450	10200
5450	9400
36800	9400

0	9720
6480	9720
6480	10200
39200	10200

0	10100
18800	10100
18800	9460
37800	9460

0	1340
12.7	1340
12.7	10700
7040	10700
7040	4880
9640	4880
9640	19500
22700	19500
22700	8140
38900	8140

0	9480
6320	9480
6320	14300
13900	14300
13900	575
14300	575
14300	13000
40400	13000

0	1
0.0046	1
0.0046	10000
38600	10000

0	84.7
0.39	84.7
0.39	10100
39100	10100

0	80800
372	80800
372	1900
455	1900
455	9980
38500	9980

0	1
0.0148	1
0.0148	10800
20000	10800
20000	9790
39600	9790

0	1
0.00952	1
0.00952	10600
9110	10600
9110	9720
38300	9720

0	10700
7120	10700
7120	9240
36700	9240

0	22800
105	22800
105	9960
38600	9960

0	91500
421	91500
421	2400
570	2400
570	9970
38500	9970

0	1
0.00952	1
0.00952	11100
7320	11100
7320	9410
18600	9410
18600	9920
38500	9920

0	1
0.00952	1
0.00952	10800
12800	10800
12800	9820
39000	9820

0	9850
18400	9850
18400	9110
36600	9110

0	2330
22.2	2330
22.2	10300
19100	10300
19100	9220
37600	9220

0	10800
2160	10800
2160	10000
38900	10000

0	1
0.0148	1
0.0148	10200
39300	10200

0	11800
785	11800
785	10100
39100	10100

0	10700
2860	10700
2860	9800
38200	9800

0	3630
34.6	3630
34.6	10400
12400	10400
12400	14000
21800	14000
21800	9250
40300	9250

0	13300
354	13300
354	9490
17800	9490
17800	10400
38600	10400

0	10200
12200	10200
12200	5930
16200	5930
16200	11600
39400	11600

0	26100
120	26100
120	9930
38500	9930

0	10400
19500	10400
19500	9820
39100	9820

0	12400
413	12400
413	10300
39900	10300

0	1
0.0046	1
0.0046	10200
39200	10200

0	1
0.00952	1
0.00952	10300
8840	10300
8840	9320
36800	9320

0	17800
264	17800
264	10100
39200	10100

0	28900
133	28900
133	9710
11700	9710
11700	14800
21600	14800
21600	8660
38900	8660

0	9420
5020	9420
5020	10000
38400	10000

0	64300
295	64300
295	7920
2370	7920
2370	10300
39600	10300

0	20700
95.4	20700
95.4	9830
38000	9830

0	10200
19000	10200
19000	9110
37200	9110

0	1080
10.2	1080
10.2	9890
38200	9890

0	53600
246	53600
246	8090
1830	8090
1830	9890
38100	9890

0	9870
18400	9870
18400	10500
39300	10500

0	1
0.0046	1
0.0046	10300
39600	10300

0	9690
18100	9690
18100	9060
36200	9060

0	10300
2060	10300
2060	10700
12800	10700
12800	4330
15700	4330
15700	11700
39000	11700

0	3290
31.4	3290
31.4	10100
38900	10100

0	12800
342	12800
342	9950
38500	9950

0	6550
175	6550
175	10500
40400	10500

0	9600
17900	9600
17900	10700
39200	10700

0	11100
2220	11100
2220	10100
39300	10100

0	44000
202	44000
202	9470
17800	9470
17800	10600
39000	10600

0	40400
186	40400
186	9710
18300	9710
18300	10500
39400	10500

0	2000
19.1	2000
19.1	11300
4860	11300
4860	9760
38300	9760

0	10500
12500	10500
12500	9610
38200	9610

0	29800
137	29800
137	9120
17100	9120
17100	10400
37800	10400

0	10300
12400	10300
12400	13100
21100	13100
21100	9170
39500	9170

0	1
0.0148	1
0.0148	18800
974	18800
974	9590
18200	9590
18200	10700
39500	10700

0	8080
824	8080
824	10100
38900	10100

0	25800
119	25800
119	9900
38400	9900

0	11200
1700	11200
1700	9310
36300	9310

0	66600
306	66600
306	7790
2690	7790
2690	10500
40000	10500

0	10900
2180	10900
2180	9760
38000	9760

0	798
16.4	798
16.4	10200
39400	10200

0	3590
34.2	3590
34.2	10200
39400	10200

0	906
8.63	906
8.63	10300
39900	10300

0	3150
30	3150
30	10200
39400	10200

0	10000
12000	10000
12000	9530
37400	9530

0	1
0.00952	1
0.00952	11000
5740	11000
5740	10200
39800	10200

0	10300
12300	10300
12300	7450
17300	7450
17300	11400
40000	11400

0	4690
190	4690
190	10500
12400	10500
12400	9790
38500	9790

0	47700
219	47700
219	9350
17600	9350
17600	9970
37600	9970

0	12200
495	12200
495	12200
2440	12200
2440	8970
17400	8970
17400	11100
39600	11100

0	1
0.0205	1
0.0205	10100
38700	10100

0	110000
504	110000
504	709
548	709
548	10400
40100	10400

0	12400
710	12400
710	9320
17600	9320
17600	10100
37800	10100

0	10300
3200	10300
3200	11400
13300	11400
13300	1890
14600	1890
14600	12100
38700	12100

0	11200
993	11200
993	9910
38400	9910

0	9650
3000	9650
3000	10500
40400	10500

0	1
0.00952	1
0.00952	10600
9120	10600
9120	9770
38400	9770

0	9770
18200	9770
18200	10600
39400	10600

0	9140
1390	9140
1390	10500
40200	10500

0	11600
561	11600
561	17300
1490	17300
1490	8620
16700	8620
16700	10800
38400	10800

0	9490
4160	9490
4160	10100
38900	10100

0	11500
556	11500
556	10000
38800	10000

0	1
0.0046	1
0.0046	9960
38500	9960

0	1
0.00952	1
0.00952	10700
19800	10700
19800	9570
38900	9570

0	1000
9.55	1000
9.55	10300
39800	10300

0	10500
9090	10500
9090	9380
37200	9380

0	2950
43.8	2950
43.8	10300
39600	10300

0	6320
361	6320
361	10200
39200	10200

0	7830
696	7830
696	10000
38700	10000

0	1600
15.3	1600
15.3	10100
39100	10100

0	25400
117	25400
117	9730
18200	9730
18200	11300
40700	11300

0	10300
19300	10300
19300	9550
38400	9550

0	28200
130	28200
130	10000
38900	10000

0	10400
2780	10400
2780	11100
13200	11100
13200	3160
15300	3160
15300	11700
38600	11700

0	12400
1440	12400
1440	10200
39700	10200

0	11300
643	11300
643	3560
914	3560
914	13100
10500	13100
10500	1
10500	1
10500	10200
37700	10200

0	35400
163	35400
163	9860
38200	9860

0	59800
275	59800
275	7780
2030	7780
2030	10100
38900	10100

0	9620
2990	9620
2990	10200
39200	10200

0	1
0.0046	1
0.0046	10300
39900	10300

0	878
13	878
13	9990
38500	9990

0	10200
12200	10200
12200	14600
22000	14600
22000	8070
38100	8070

0	9750
18200	9750
18200	10300
38700	10300

0	9960
12000	9960
12000	10800
40700	10800

0	6950
537	6950
537	10000
38400	10000

0	43900
202	43900
202	9220
6310	9220
6310	15500
14600	15500
14600	1
14600	1
14600	12200
39000	12200

0	54700
252	54700
252	7780
1570	7780
1570	9970
38400	9970

0	1
0.00952	1
0.00952	10100
39000	10100

0	9550
6370	9550
6370	15000
14400	15000
14400	685
14800	685
14800	11900
38700	11900

0	7630
678	7630
678	10100
38900	10100

0	10900
1660	10900
1660	10100
39200	10100

0	23800
110	23800
110	9470
17700	9470
17700	10600
39000	10600

0	8760
1170	8760
1170	9930
38200	9930

0	4180
39.8	4180
39.8	10200
39400	10200

0	9430
11300	9430
11300	10500
39300	10500

0	38800
178	38800
178	9120
4130	9120
4130	17800
11700	17800
11700	2920
14700	2920
14700	11800
38400	11800

0	23200
107	23200
107	9860
38200	9860

0	24000
356	24000
356	1400
428	1400
428	11100
20400	11100
20400	9350
39100	9350

0	1
0.0148	1
0.0148	11500
9820	11500
9820	7270
17100	7270
17100	10600
38300	10600

0	2910
27.7	2910
27.7	10100
38900	10100

0	9700
6470	9700
6470	14500
14200	14500
14200	89.1
14200	89.1
14200	12300
38900	12300

0	110000
504	110000
504	494
559	494
559	11700
2830	11700
2830	10900
19700	10900
19700	9500
38700	9500

0	9930
4350	9930
4350	11000
42100	11000

0	96800
445	96800
445	442
464	442
464	10000
38600	10000

0	11000
1130	11000
1130	9750
37800	9750

0	9420
17600	9420
17600	10300
38200	10300

0	8720
890	8720
890	10000
38600	10000

0	11000
5890	11000
5890	9700
38200	9700

0	9420
1880	9420
1880	11000
20200	11000
20200	8780
37700	8780

0	9080
3980	9080
3980	10200
38800	10200

0	2990
28.5	2990
28.5	10500
40700	10500

0	12500
713	12500
713	9590
37300	9590

0	10200
8840	10200
8840	9380
37000	9380

0	12900
345	12900
345	9840
38100	9840

0	69400
319	69400
319	4340
589	4340
589	9910
38300	9910

0	12100
1080	12100
1080	9840
38300	9840

0	10100
8740	10100
8740	9590
37500	9590

0	10800
2880	10800
2880	10100
39200	10100

0	1
0.00952	1
0.00952	10500
6910	10500
6910	9750
38100	9750

0	10400
3250	10400
3250	9830
38200	9830

0	14700
140	14700
140	2210
209	2210
209	10800
9090	10800
9090	9350
37100	9350

0	10200
6790	10200
6790	2230
7980	2230
7980	23300
23500	23300
23500	7800
39100	7800

0	9750
3030	9750
3030	9130
11100	9130
11100	17000
22500	17000
22500	8720
39900	8720

0	101000
463	101000
463	205
476	205
476	9890
18300	9890
18300	10100
38500	10100

0	12800
621	12800
621	9690
37600	9690

0	931
19.1	931
19.1	9970
38400	9970

0	59700
275	59700
275	7470
1380	7470
1380	10100
38900	10100

0	9530
2540	9530
2540	15100
8580	15100
8580	6270
16100	6270
16100	11300
38700	11300

0	7190
733	7190
733	10200
39200	10200

0	20500
94.4	20500
94.4	9630
37300	9630

0	8880
2370	8880
2370	10200
39100	10200

0	9790
18300	9790
18300	10600
39400	10600

0	995
20.4	995
20.4	18300
865	18300
865	8640
16400	8640
16400	9850
36100	9850

0	10400
3800	10400
3800	1
3800	1
3800	15100
21900	15100
21900	8260
38400	8260

0	24900
115	24900
115	9850
38200	9850

0	7020
32.3	7020
32.3	11200
4870	11200
4870	1810
5640	1810
5640	16000
21700	16000
21700	8510
38700	8510

0	57400
264	57400
264	8190
2770	8190
2770	10400
19000	10400
19000	10800
40500	10800

0	1020
15.1	1020
15.1	10100
39000	10100

0	10400
925	10400
925	1640
1110	1640
1110	14100
7670	14100
7670	9430
37800	9430

0	174
1.66	174
1.66	10300
12200	10300
12200	3590
14600	3590
14600	11800
38300	11800

0	196
4.03	196
4.03	10100
39000	10100

0	10600
9150	10600
9150	9720
38300	9720

0	9260
17300	9260
17300	10600
38500	10600

0	10400
19300	10400
19300	9370
38100	9370

0	1
0.0046	1
0.0046	10400
40300	10400

0	25900
119	25900
119	9900
38300	9900

0	35900
165	35900
165	9520
36900	9520

0	10400
5560	10400
5560	9710
37900	9710

0	22200
102	22200
102	9730
37700	9730

0	10100
2690	10100
2690	10600
12600	10600
12600	5000
16000	5000
16000	11100
38200	11100

0	1
0.0046	1
0.0046	9940
38400	9940

0	2810
41.6	2810
41.6	10300
39600	10300

0	53800
247	53800
247	7910
3680	7910
3680	44000
7870	44000
7870	5600
15300	5600
15300	10800
36900	10800

0	10200
19100	10200
19100	9360
37800	9360

0	27400
126	27400
126	10000
38900	10000

0	8680
1160	8680
1160	10300
39600	10300

0	10800
7180	10800
7180	9580
37800	9580

0	54700
252	54700
252	8230
2770	8230
2770	9990
38300	9990

0	28000
129	28000
129	9610
18000	9610
18000	10700
39400	10700

0	30100
139	30100
139	9450
17700	9450
17700	10800
39400	10800

0	84000
386	84000
386	233
397	233
397	9790
37800	9790

0	1
0.00952	1
0.00952	10300
12300	10300
12300	9510
37700	9510

0	26400
121	26400
121	9820
38000	9820

0	11300
3020	11300
3020	10500
12800	10500
12800	4380
15700	4380
15700	11200
38200	11200

0	1120
10.7	1120
10.7	11000
4720	11000
4720	8730
17200	8730
17200	11600
40400	11600

0	9920
1980	9920
1980	11400
5800	11400
5800	8170
16700	8170
16700	10700
38100	10700

0	9270
1620	9270
1620	9920
38200	9920

0	10600
9150	10600
9150	9670
38100	9670

0	9920
18500	9920
18500	10800
40100	10800

0	1
0.0046	1
0.0046	9940
38400	9940

0	8790
896	8790
896	9870
38000	9870

0	10100
18800	10100
18800	10700
40200	10700

0	10200
416	10200
416	11600
2620	11600
2620	6270
5350	6270
5350	13100
21100	13100
21100	9450
40000	9450

0	7970
615	7970
615	9800
37800	9800

0	8700
3190	8700
3190	10400
39600	10400

0	2030
30	2030
30	10000
38600	10000

0	77300
356	77300
356	3810
1210	3810
1210	48300
2970	48300
2970	10400
40500	10400

0	11800
477	11800
477	797
526	797
526	12500
5920	12500
5920	9780
38500	9780

0	9790
11700	9790
11700	12800
20300	12800
20300	8670
37600	8670

0	10500
12600	10500
12600	9780
38700	9780

0	1
0.00952	1
0.00952	10700
12800	10700
12800	6730
17300	6730
17300	9950
37200	9950

0	23800
109	23800
109	10100
39200	10100

0	11300
1010	11300
1010	9760
37900	9760

0	9710
3560	9710
3560	10300
39600	10300

0	147
1.4	147
1.4	10100
38800	10100

0	46800
215	46800
215	7470
2920	7470
2920	12000
20900	12000
20900	9660
40300	9660

0	42700
196	42700
196	8700
2480	8700
2480	10100
39000	10100

0	103000
476	103000
476	1140
604	1140
604	12900
3830	12900
3830	10400
40100	10400

0	2100
20	2100
20	10800
20000	10800
20000	9290
38600	9290

0	2210
10.1	2210
10.1	14200
1840	14200
1840	1910
2290	1910
2290	12000
20300	12000
20300	9110
38600	9110

0	13800
1070	13800
1070	8890
6300	8890
6300	15300
14500	15300
14500	471
14800	471
14800	11500
37700	11500

0	9710
18100	9710
18100	10800
39800	10800

0	9190
4020	9190
4020	13900
7200	13900
7200	363
7390	363
7390	23500
23100	23500
23100	7390
37900	7390

0	12800
730	12800
730	9880
38400	9880

0	32100
147	32100
147	9840
4410	9840
4410	6320
9230	6320
9230	20600
23000	20600
23000	7910
38800	7910

0	30900
142	30900
142	10000
38900	10000

0	1720
57.2	1720
57.2	60500
974	60500
974	8700
11000	8700
11000	11300
41000	11300

0	1
0.0046	1
0.0046	10400
19400	10400
19400	9420
38300	9420

0	21200
97.6	21200
97.6	10100
39100	10100

0	26000
119	26000
119	9860
38200	9860

0	10800
3360	10800
3360	9680
37800	9680

0	15100
310	15100
310	9940
38500	9940

0	10800
1640	10800
1640	11000
9500	11000
9500	6580
16100	6580
16100	11900
39900	11900

0	9730
11700	9730
11700	6250
15800	6250
15800	11400
38600	11400

0	34100
157	34100
157	9860
38200	9860

0	1
0.0046	1
0.0046	10000
38700	10000

0	11200
2980	11200
2980	9840
38400	9840

0	10400
4570	10400
4570	9850
38300	9850

0	6660
270	6660
270	10300
39600	10300

0	10600
1620	10600
1620	9860
38300	9860

0	12100
1410	12100
1410	9430
36800	9430

0	1
0.0046	1
0.0046	10300
12300	10300
12300	9020
36300	9020

0	74500
343	74500
343	6780
1350	6780
1350	10700
19600	10700
19600	9500
38600	9500

0	9430
5030	9430
5030	10600
40200	10600

0	9960
5310	9960
5310	6050
9350	6050
9350	22000
24000	22000
24000	7970
40000	7970

0	11700
671	11700
671	9470
17800	9470
17800	10300
38500	10300

0	114000
526	114000
526	1060
592	1060
592	10200
39300	10200

0	1130
10.8	1130
10.8	11300
3430	11300
3430	9530
37300	9530

0	2110
31.2	2110
31.2	10000
38700	10000

0	10100
12100	10100
12100	6020
16100	6020
16100	11700
39600	11700

0	1720
25.5	1720
25.5	9950
38300	9950

0	1760
16.8	1760
16.8	9900
38200	9900

0	40900
188	40900
188	9210
2600	9210
2600	10200
39400	10200

0	14400
480	14400
480	9670
37600	9670

0	9750
2600	9750
2600	6470
5190	6470
5190	14300
22400	14300
22400	7970
38300	7970

0	15700
232	15700
232	9380
11300	9380
11300	10600
39600	10600

0	10600
2110	10600
2110	9230
36000	9230

0	9080
2830	9080
2830	10600
40700	10600

0	20500
94.1	20500
94.1	9850
38100	9850

0	1
0.00952	1
0.00952	11200
7340	11200
7340	9630
38200	9630

0	9730
4260	9730
4260	5680
6690	5680
6690	15400
22100	15400
22100	8460
39000	8460

0	10200
5460	10200
5460	26500
8990	26500
8990	6490
16800	6490
16800	11300
39400	11300

0	11300
2250	11300
2250	10700
13000	10700
13000	2970
14900	2970
14900	11900
38700	11900

0	9110
1060	9110
1060	10600
19600	10600
19600	9830
39200	9830

0	1
0.0046	1
0.0046	9890
38200	9890

0	1
0.00952	1
0.00952	10400
19300	10400
19300	9690
38700	9690

0	8510
413	8510
413	10000
38600	10000

0	9320
1860	9320
1860	10200
39400	10200

0	13500
451	13500
451	9680
37600	9680

0	10800
620	10800
620	9690
37600	9690

0	11000
534	11000
534	9690
37500	9690

0	10400
5570	10400
5570	9820
38300	9820

0	3590
34.2	3590
34.2	10100
38900	10100

0	27000
124	27000
124	9620
18000	9620
18000	10500
39100	10500

0	2070
19.7	2070
19.7	10500
40300	10500

0	2260
33.5	2260
33.5	10500
40300	10500

0	47200
217	47200
217	8230
2740	8230
2740	10100
18500	10100
18500	10600
39700	10600

0	9560
17800	9560
17800	10300
38500	10300

0	1
0.00952	1
0.00952	10400
19400	10400
19400	8820
37000	8820

0	11100
1480	11100
1480	9520
37000	9520

0	2990
28.4	2990
28.4	10600
19700	10600
19700	9370
38400	9370

0	2590
53.1	2590
53.1	15100
2380	15100
2380	8590
16900	8590
16900	10400
37800	10400

0	10000
12000	10000
12000	9430
37200	9430

0	36200
166	36200
166	10000
38900	10000

0	9360
6240	9360
6240	10300
39200	10300

0	6970
710	6970
710	39500
2700	39500
2700	3630
4570	3630
4570	16000
13100	16000
13100	5380
16700	5380
16700	10100
36900	10100

0	88300
406	88300
406	1
406	1
406	10100
39000	10100

0	11900
579	11900
579	9840
38100	9840

0	3540
33.7	3540
33.7	9880
38100	9880

0	10500
7020	10500
7020	9760
38200	9760

0	10700
826	10700
826	1
826	1
826	12000
13700	12000
13700	9290
38400	9290

0	91100
419	91100
419	989
471	989
471	9910
38200	9910

0	10000
18700	10000
18700	9270
37300	9270

0	10400
12400	10400
12400	9460
37700	9460

0	11000
978	11000
978	9640
37400	9640

0	10800
2880	10800
2880	10100
39300	10100

0	8740
1750	8740
1750	10000
38500	10000

0	17600
260	17600
260	9520
11500	9520
11500	14600
21300	14600
21300	8410
38100	8410

0	9450
1650	9450
1650	10200
39400	10200

0	9870
8560	9870
8560	1
8560	1
8560	21000
22500	21000
22500	7330
37200	7330

0	1
0.00952	1
0.00952	10000
38700	10000

0	13400
199	13400
199	10100
12100	10100
12100	5580
15900	5580
15900	11500
38800	11500

0	108000
496	108000
496	1720
603	1720
603	10100
38900	10100

0	35100
161	35100
161	9970
38700	9970

0	8610
1000	8610
1000	10300
39700	10300

0	4990
73.9	4990
73.9	10200
39300	10200

0	10300
4500	10300
4500	1020
4730	1020
4730	14600
22300	14600
22300	8530
39300	8530

0	54700
252	54700
252	8780
7820	8780
7820	10600
39700	10600

0	1140
30.3	1140
30.3	20700
1070	20700
1070	9050
17300	9050
17300	10800
38800	10800

0	1260
18.7	1260
18.7	10500
40300	10500

0	1
0.0205	1
0.0205	15600
1760	15600
1760	8460
10800	8460
10800	10200
37900	10200

0	39800
183	39800
183	8710
2150	8710
2150	9890
38100	9890

0	9250
3390	9250
3390	8300
10300	8300
10300	16700
21400	16700
21400	8360
38100	8360

0	9650
2570	9650
2570	8360
10400	8360
10400	20000
23700	20000
23700	7220
38100	7220

0	62900
289	62900
289	8480
2200	8480
2200	10600
40800	10600

0	20900
199	20900
199	9640
8460	9640
8460	10300
39300	10300

0	1
0.0046	1
0.0046	10000
38800	10000

0	10200
6790	10200
6790	9430
37000	9430

0	11000
1280	11000
1280	9910
38500	9910

0	1420
13.5	1420
13.5	9810
11700	9810
11700	13200
20500	13200
20500	8180
36800	8180

0	7490
666	7490
666	10200
39200	10200

0	7840
605	7840
605	13900
4620	13900
4620	7730
16200	7730
16200	11000
38200	11000

0	8410
561	8410
561	10100
39100	10100

0	7260
242	7260
242	9720
37500	9720

0	10900
1660	10900
1660	9590
37300	9590

0	47700
219	47700
219	5790
965	5790
965	11900
13700	11900
13700	4040
16400	4040
16400	10400
37200	10400

0	11500
3060	11500
3060	9520
18300	9520
18300	10300
38900	10300

0	9190
1600	9190
1600	10200
39300	10200

0	4150
39.5	4150
39.5	10100
39200	10100

0	366
12.2	366
12.2	64700
992	64700
992	5750
4550	5750
4550	25400
9640	25400
9640	9450
38000	9450

0	9180
17100	9180
17100	10100
37400	10100

0	9040
2080	9040
2080	9980
38400	9980

0	1280
12.2	1280
12.2	10200
39300	10200

0	9260
4940	9260
4940	10300
39200	10300

0	38000
175	38000
175	11200
2370	11200
2370	1070
2490	1070
2490	11700
20600	11700
20600	9220
39100	9220

0	1480
21.9	1480
21.9	9870
38000	9870

0	10500
12700	10500
12700	9740
38600	9740

0	10500
1590	10500
1590	9420
17700	9420
17700	11000
39800	11000

0	5570
114	5570
114	10600
9070	10600
9070	1290
9490	1290
9490	20100
22900	20100
22900	8260
39400	8260

0	1
0.0205	1
0.0205	10600
12500	10600
12500	9700
38300	9700

0	1
0.0148	1
0.0148	10700
6960	10700
6960	4390
9300	4390
9300	18900
21900	18900
21900	7960
37800	7960

0	3940
37.5	3940
37.5	10300
12300	10300
12300	9420
37500	9420

0	7240
414	7240
414	10300
39800	10300

0	1
0.00952	1
0.00952	10500
19500	10500
19500	9460
38400	9460

0	10300
6890	10300
6890	9500
37300	9500

0	4820
129	4820
129	10000
38500	10000

0	10300
12400	10300
12400	9770
38400	9770

0	19400
89.1	19400
89.1	9760
4320	9760
4320	4010
6040	4010
6040	14900
20900	14900
20900	8920
38700	8920

0	9970
8640	9970
8640	11700
20300	11700
20300	8960
38300	8960

0	1
0.00952	1
0.00952	10400
8940	10400
8940	9590
37700	9590

0	10200
3180	10200
3180	14300
6360	14300
6360	7900
16900	7900
16900	11100
39100	11100

0	4480
42.7	4480
42.7	10200
39500	10200

0	36200
166	36200
166	9370
36300	9370

0	10300
19200	10300
19200	9280
37800	9280

0	5020
134	5020
134	10100
38800	10100

0	7140
238	7140
238	9860
38000	9860

0	10500
4600	10500
4600	9310
17900	9310
17900	11200
40200	11200

0	11700
670	11700
670	10100
39100	10100

0	549
5.23	549
5.23	10100
39100	10100

0	11600
663	11600
663	10100
39200	10100

0	47000
216	47000
216	8910
4080	8910
4080	9960
38200	9960

0	9560
11500	9560
11500	10200
38800	10200

0	10600
4650	10600
4650	9880
38500	9880

0	11600
1030	11600
1030	10300
39800	10300

0	8890
3900	8890
3900	10600
40200	10600

0	10000
8670	10000
8670	10500
40200	10500

0	1
0.00952	1
0.00952	10000
38600	10000

0	1
0.00952	1
0.00952	11600
6090	11600
6090	8950
18000	8950
18000	10400
38700	10400

0	21400
204	21400
204	9440
17700	9440
17700	10900
39500	10900

0	10600
3890	10600
3890	9890
38500	9890

0	13700
554	13700
554	9420
17800	9420
17800	10300
38300	10300

0	29100
134	29100
134	9840
18500	9840
18500	10700
39800	10700

0	1
0.00952	1
0.00952	10800
9270	10800
9270	9200
36900	9200

0	17300
256	17300
256	1
256	1
256	13400
6620	13400
6620	7280
16300	7280
16300	11200
38800	11200

0	9340
4090	9340
4090	10100
38800	10100

0	9460
5040	9460
5040	9980
38300	9980

0	13000
434	13000
434	10200
39400	10200

0	25900
119	25900
119	10300
39900	10300

0	9970
18600	9970
18600	10900
40300	10900

0	35800
165	35800
165	9520
8370	9520
8370	10200
38900	10200

0	1
0.00952	1
0.00952	10900
13000	10900
13000	10000
39700	10000

0	7860
699	7860
699	10700
19700	10700
19700	9850
39400	9850

0	14900
496	14900
496	9550
11600	9550
11600	16500
22600	16500
22600	7960
38500	7960

0	11100
632	11100
632	9730
37700	9730

0	82100
378	82100
378	2890
557	2890
557	10900
12900	10900
12900	3630
15300	3630
15300	11900
39100	11900

0	10900
1460	10900
1460	10200
39400	10200

0	10600
2120	10600
2120	9670
37600	9670

0	9000
1370	9000
1370	10300
39700	10300

0	3770
55.9	3770
55.9	10200
39200	10200

0	11000
1280	11000
1280	10100
39100	10100

0	9790
8480	9790
8480	11600
20100	11600
20100	8790
37700	8790

0	28700
132	28700
132	10100
18900	10100
18900	10700
40200	10700

0	10300
6840	10300
6840	9700
37900	9700

0	1680
81.2	1680
81.2	139000
1280	139000
1280	6230
3210	6230
3210	10400
39500	10400

0	4140
39.4	4140
39.4	10400
40100	10400

0	34100
157	34100
157	9860
38200	9860

0	6510
264	6510
264	10600
19700	10600
19700	9880
39400	9880

0	97800
450	97800
450	1050
496	1050
496	10000
38700	10000

0	9790
18300	9790
18300	10600
39500	10600

0	10300
6870	10300
6870	9450
37100	9450

0	1
0.0148	1
0.0148	10100
39100	10100

0	2490
36.8	2490
36.8	10600
40800	10600

0	9910
11900	9910
11900	7900
17200	7900
17200	10900
38900	10900

0	9910
11900	9910
11900	6380
16100	6380
16100	11800
39700	11800

0	36200
167	36200
167	9500
17900	9500
17900	10600
39000	10600

0	10000
8670	10000
8670	8590
17300	8590
17300	11100
39400	11100

0	1
0.0267	1
0.0267	10500
40300	10500

0	544
5.18	544
5.18	9890
38200	9890

0	168
1.6	168
1.6	10000
38700	10000

0	1
0.0148	1
0.0148	10000
38500	10000

0	9720
5180	9720
5180	12400
13500	12400
13500	2100
14900	2100
14900	12100
39100	12100

0	10500
19600	10500
19600	9840
39200	9840

0	7680
373	7680
373	13100
2750	13100
2750	8680
17000	8680
17000	10200
37500	10200

0	4010
82.2	4010
82.2	3920
192	3920
192	13200
6610	13200
6610	7130
16100	7130
16100	11100
38300	11100

0	10900
2180	10900
2180	8870
17000	8870
17000	11400
39900	11400

0	50900
234	50900
234	8950
6160	8950
6160	10200
38700	10200

0	8350
339	8350
339	9780
37700	9780

0	89500
412	89500
412	3170
642	3170
642	10400
40200	10400

0	10300
12300	10300
12300	13400
21300	13400
21300	8850
39000	8850

0	2950
13.5	2950
13.5	14400
1630	14400
1630	2250
1970	2250
1970	11200
19900	11200
19900	9330
38600	9330

0	10200
19100	10200
19100	9430
38000	9430

0	7700
313	7700
313	9850
38000	9850

0	10400
2070	10400
2070	9710
37700	9710

0	2760
26.2	2760
26.2	9890
38200	9890

0	1
0.00952	1
0.00952	11400
5960	11400
5960	8970
17900	8970
17900	10400
38800	10400

0	9270
4950	9270
4950	10000
38400	10000

0	10900
2170	10900
2170	6090
4200	6090
4200	12400
20800	12400
20800	9130
39000	9130

0	3610
34.4	3610
34.4	10200
39500	10200

0	1
0.0148	1
0.0148	11000
13100	11000
13100	7650
18200	7650
18200	9800
37700	9800

0	35300
162	35300
162	9100
4110	9100
4110	9840
37800	9840

0	10400
19300	10400
19300	9710
38800	9710

0	10000
4390	10000
4390	32600
7500	32600
7500	6170
15700	6170
15700	11600
39000	11600

0	1330
27.3	1330
27.3	9900
38100	9900

0	10000
6690	10000
6690	10500
40400	10500

0	2170
20.7	2170
20.7	10200
39400	10200

0	81700
375	81700
375	4880
786	4880
786	10400
40000	10400

0	35800
164	35800
164	9620
18100	9620
18100	11000
40000	11000

0	92500
425	92500
425	188
432	188
432	9710
37600	9710

0	9410
2510	9410
2510	10100
38800	10100

0	6210
252	6210
252	10500
40300	10500

0	21900
100	21900
100	9860
38200	9860

0	12500
831	12500
831	7330
2300	7330
2300	12100
13600	12100
13600	714
14100	714
14100	11400
36900	11400

0	1
0.0148	1
0.0148	10300
39600	10300

0	6470
314	6470
314	10800
20000	10800
20000	9580
39100	9580

0	1
0.00952	1
0.00952	11700
2240	11700
2240	9650
37600	9650

0	10300
6880	10300
6880	9480
37200	9480

0	9460
4150	9460
4150	10200
39100	10200

0	11200
1310	11200
1310	9960
38700	9960

0	9960
18600	9960
18600	9470
37500	9470

0	16200
540	16200
540	6680
2770	6680
2770	15400
7400	15400
7400	10000
39500	10000

0	13000
745	13000
745	8860
10900	8860
10900	13800
20000	13800
20000	9770
39600	9770

0	3560
52.8	3560
52.8	10000
38700	10000

0	12800
619	12800
619	9710
37700	9710

0	10200
3730	10200
3730	1
3730	1
3730	12800
20800	12800
20800	8820
38400	8820

0	64300
295	64300
295	7170
1220	7170
1220	10300
39700	10300

0	1
0.00952	1
0.00952	10200
12100	10200
12100	12400
20400	12400
20400	9120
38600	9120

0	38200
176	38200
176	10000
39000	10000

0	11200
862	11200
862	9550
37000	9550

0	1
0.00952	1
0.00952	10200
12200	10200
12200	5250
15700	5250
15700	11400
38400	11400

0	9130
1830	9130
1830	10100
38700	10100

0	36200
166	36200
166	9170
5020	9170
5020	10100
38600	10100

0	10900
9420	10900
9420	9710
38600	9710

0	10700
5690	10700
5690	10100
39400	10100

0	456
9.35	456
9.35	18100
1250	18100
1250	7330
6940	7330
6940	18300
13100	18300
13100	9910
39500	9910

0	37200
171	37200
171	8740
4790	8740
4790	11600
20200	11600
20200	9900
40000	9900

0	7520
365	7520
365	10200
39300	10200

0	10000
12000	10000
12000	12200
20200	12200
20200	8900
38000	8900

0	11900
794	11900
794	9840
38200	9840

0	21900
101	21900
101	10100
38900	10100

0	1830
60.9	1830
60.9	16700
2840	16700
2840	6370
5820	6370
5820	10400
18300	10400
18300	10100
38500	10100

0	15400
315	15400
315	9700
18200	9700
18200	11100
40400	11100

0	1460
21.7	1460
21.7	10500
40500	10500

0	9510
6340	9510
6340	9990
38300	9990

0	740
7.05	740
7.05	10700
9190	10700
9190	924
9500	924
9500	21000
23500	21000
23500	7840
39200	7840

0	1670
24.8	1670
24.8	9940
38300	9940

0	56800
261	56800
261	7530
2570	7530
2570	26900
8540	26900
8540	1
8540	1
8540	13700
17700	13700
17700	9880
37400	9880

0	1
0.0046	1
0.0046	10200
39600	10200

0	4280
143	4280
143	10200
39200	10200

0	9320
2900	9320
2900	9860
38000	9860

0	2110
20.1	2110
20.1	9970
38500	9970

0	1
0.00952	1
0.00952	10000
38800	10000

0	7520
501	7520
501	10300
39700	10300

0	82600
380	82600
380	1930
481	1930
481	9830
37900	9830

0	10500
1830	10500
1830	9820
38100	9820

0	8540
871	8540
871	10400
40000	10400

0	1
0.00952	1
0.00952	10400
6840	10400
6840	9600
37500	9600

0	1
0.0148	1
0.0148	12900
5450	12900
5450	7710
11300	7710
11300	6370
15600	6370
15600	10800
37100	10800

0	9250
1230	9250
1230	10400
40200	10400

0	94900
436	94900
436	1360
535	1360
535	11800
9830	11800
9830	6770
16600	6770
16600	11900
40400	11900

0	8350
645	8350
645	9630
17900	9630
17900	10800
39500	10800

0	1
0.0046	1
0.0046	10400
40100	10400

0	9810
6540	9810
6540	10500
40000	10500

0	15800
324	15800
324	9410
11400	9410
11400	9990
38100	9990

0	128000
587	128000
587	1
588	1
588	12400
10100	12400
10100	7470
12600	7470
12600	509
12900	509
12900	12500
38000	12500

0	13000
1000	13000
1000	9820
38200	9820

0	9310
3410	9310
3410	10100
38800	10100

0	9550
2200	9550
2200	10100
39000	10100

0	10400
9010	10400
9010	9920
38800	9920

0	72900
335	72900
335	1930
420	1930
420	9790
37800	9790

0	10400
19300	10400
19300	9540
38400	9540

0	9270
2470	9270
2470	10100
38900	10100

0	21900
101	21900
101	9790
37900	9790

0	13600
278	13600
278	10400
40300	10400

0	4570
43.5	4570
43.5	10000
38700	10000

0	9020
1200	9020
1200	9980
38500	9980

0	5740
383	5740
383	10200
39200	10200

0	9860
4320	9860
4320	156
4350	156
4350	13900
21000	13900
21000	8690
38400	8690

0	10300
12400	10300
12400	13200
21100	13200
21100	9110
39400	9110

0	25500
117	25500
117	9760
37800	9760

0	10600
5680	10600
5680	9890
38600	9890

0	8910
3900	8910
3900	9840
37700	9840

0	10600
2440	10600
2440	9820
38100	9820

0	10600
706	10600
706	9030
17000	9030
17000	10500
37900	10500

0	31800
146	31800
146	9990
38700	9990

0	9060
1580	9060
1580	10300
39700	10300

0	10700
1870	10700
1870	9770
37900	9770

0	9160
7940	9160
7940	10200
38400	10200

0	10600
2110	10600
2110	9560
37200	9560

0	22900
105	22900
105	10000
38800	10000

0	8170
467	8170
467	10100
38800	10100

0	9420
1440	9420
1440	9720
11600	9720
11600	15500
21900	15500
21900	8680
39300	8680

0	9020
2080	9020
2080	10000
38500	10000

0	9050
4830	9050
4830	10100
38500	10100

0	10300
19200	10300
19200	9180
37500	9180

0	1370
28.1	1370
28.1	10100
38800	10100

0	2520
37.3	2520
37.3	10000
38700	10000

0	1520
31.2	1520
31.2	10100
39100	10100

0	1
0.00952	1
0.00952	10400
40000	10400

0	1
0.00952	1
0.00952	10400
19300	10400
19300	9450
38200	9450

0	10500
19600	10500
19600	9420
38400	9420

0	7520
430	7520
430	10500
40400	10500

0	9550
11500	9550
11500	10300
39000	10300

0	10800
1440	10800
1440	5730
2780	5730
2780	12000
20800	12000
20800	9560
39900	9560

0	5180
76.8	5180
76.8	10200
39300	10200

0	9570
1280	9570
1280	10300
39700	10300

0	10700
20000	10700
20000	9350
38700	9350

0	1
0.0046	1
0.0046	10000
38800	10000

0	1
0.0046	1
0.0046	10200
39200	10200

0	10800
9400	10800
9400	9900
39100	9900

0	9730
18200	9730
18200	10700
39500	10700

0	31600
145	31600
145	9570
37100	9570

0	9460
8200	9460
8200	10300
39100	10300

0	5550
114	5550
114	10100
38900	10100

0	2420
35.8	2420
35.8	13200
1860	13200
1860	9300
17800	9300
17800	10500
38800	10500

0	2230
33	2230
33	10000
38700	10000

0	1
0.00952	1
0.00952	10100
39100	10100

0	9840
1970	9840
1970	36200
3070	36200
3070	8440
16900	8440
16900	11000
38900	11000

0	10600
2440	10600
2440	9670
37600	9670

0	35900
165	35900
165	9060
2940	9060
2940	9980
38400	9980

0	5230
139	5230
139	10400
40000	10400

0	10300
1210	10300
1210	3860
1530	3860
1530	11200
20200	11200
20200	8890
38000	8890

0	10700
1430	10700
1430	9900
38400	9900

0	9210
2120	9210
2120	10100
38800	10100

0	36300
167	36300
167	8750
7710	8750
7710	12300
20000	12300
20000	9260
38500	9260

0	9940
3090	9940
3090	17500
6970	17500
6970	6390
15500	6390
15500	12000
39400	12000

0	607
5.79	607
5.79	9840
38000	9840

0	1490
22	1490
22	9340
3980	9340
3980	10400
39600	10400

0	9410
1640	9410
1640	10300
39600	10300

0	9610
17900	9610
17900	10400
38700	10400

0	10600
19800	10600
19800	9790
39400	9790

0	6760
180	6760
180	9990
38500	9990

0	818
12.1	818
12.1	11100
13100	11100
13100	6890
17700	6890
17700	10200
38000	10200

0	8170
272	8170
272	9830
11700	9830
11700	13900
21000	13900
21000	8610
38200	8610

0	10900
1450	10900
1450	293
1490	293
1490	13800
9780	13800
9780	9430
19200	9430
19200	10000
39200	10000

0	54300
250	54300
250	6280
706	6280
706	9920
38300	9920

0	10400
3240	10400
3240	1
3240	1
3240	12400
21000	12400
21000	9360
39700	9360

0	1090
22.4	1090
22.4	10100
38800	10100

0	9420
6280	9420
6280	10300
39200	10300

0	9760
4270	9760
4270	30800
7210	30800
7210	6630
16000	6630
16000	10900
37900	10900

0	10800
4710	10800
4710	15000
11100	15000
11100	3680
14800	3680
14800	11600
37900	11600

0	674
18	674
18	16400
2080	16400
2080	8610
16800	8610
16800	11400
39700	11400

0	10200
19100	10200
19100	9440
38000	9440

0	10900
1270	10900
1270	10600
12700	10600
12700	3270
14900	3270
14900	11900
38600	11900

0	10600
7080	10600
7080	9590
37800	9590

0	1
0.00952	1
0.00952	10500
12500	10500
12500	12600
20800	12600
20800	9140
39100	9140

0	9590
17900	9590
17900	10300
38400	10300

0	39700
183	39700
183	9630
37400	9630

0	9910
5280	9910
5280	13300
14100	13300
14100	1060
14900	1060
14900	11400
37700	11400

0	3900
37.2	3900
37.2	10100
38900	10100

0	1230
18.3	1230
18.3	10200
39500	10200

0	25500
117	25500
117	9560
11500	9560
11500	14300
21100	14300
21100	8480
38100	8480

0	61200
282	61200
282	7780
3100	7780
3100	10200
38700	10200

0	44500
205	44500
205	9550
8430	9550
8430	10200
39000	10200

0	33600
155	33600
155	9720
37700	9720

0	32200
148	32200
148	9170
6220	9170
6220	694
6360	694
6360	15400
21700	15400
21700	8720
39200	8720

0	10600
1240	10600
1240	9840
38100	9840

0	10000
18800	10000
18800	9320
37400	9320

0	1
0.0046	1
0.0046	9710
37500	9710

0	1
0.00952	1
0.00952	10800
12900	10800
12900	10000
39500	10000

0	12400
603	12400
603	8110
7240	8110
7240	12100
19400	12100
19400	8910
37200	8910

0	9290
4950	9290
4950	10800
40900	10800

0	10400
12400	10400
12400	13400
21400	13400
21400	8760
38900	8760

0	45000
207	45000
207	8650
2160	8650
2160	10200
39300	10200

0	9870
18400	9870
18400	10500
39400	10500

0	4460
42.5	4460
42.5	9770
37700	9770

0	76900
354	76900
354	1590
424	1590
424	10200
39200	10200

0	1
0.0148	1
0.0148	10100
38800	10100

0	10400
19400	10400
19400	9600
38500	9600

0	10100
8800	10100
8800	9690
37900	9690

0	10100
12100	10100
12100	5670
15900	5670
15900	11600
39000	11600

0	9880
18400	9880
18400	10400
39300	10400

0	11000
2540	11000
2540	9300
11600	9300
11600	15400
21800	15400
21800	8560
38900	8560

0	9860
18400	9860
18400	10500
39500	10500

0	9030
6020	9030
6020	10500
39500	10500

0	22200
102	22200
102	10300
39800	10300

0	3430
32.7	3430
32.7	9940
38400	9940

0	35800
165	35800
165	9850
38200	9850

0	83900
386	83900
386	4210
741	4210
741	10000
38600	10000

0	10200
2710	10200
2710	9440
36700	9440

0	1
0.0333	1
0.0333	44400
1060	44400
1060	8350
10600	8350
10600	10600
38800	10600

0	20800
198	20800
198	9760
37800	9760

0	1
0.00952	1
0.00952	10700
12700	10700
12700	9710
38600	9710

0	10100
12100	10100
12100	9500
37400	9500

0	10100
12200	10100
12200	11900
20100	11900
20100	8950
38000	8950

0	8780
1170	8780
1170	10400
39900	10400

0	9720
11700	9720
11700	10600
39800	10600

0	2390
22.8	2390
22.8	9930
38300	9930

0	9830
8520	9830
8520	9390
36700	9390

0	28500
131	28500
131	10000
38700	10000

0	14900
398	14900
398	7010
2390	7010
2390	11600
20400	11600
20400	9500
39400	9500

0	31900
304	31900
304	9680
37600	9680

0	1
0.00952	1
0.00952	10100
39100	10100

0	87000
400	87000
400	730
439	730
439	9770
11600	9770
11600	14800
21500	14800
21500	8040
37600	8040

0	1930
18.4	1930
18.4	10100
39000	10100

0	9140
3350	9140
3350	10300
39400	10300

0	10800
7220	10800
7220	9960
39100	9960

0	1
0.00952	1
0.00952	10700
12700	10700
12700	9490
38000	9490

0	9690
3550	9690
3550	9000
11100	9000
11100	16200
21800	16200
21800	8840
39500	8840

0	79800
367	79800
367	2980
657	2980
657	13000
5040	13000
5040	11400
9910	11400
9910	6080
16000	6080
16000	11100
38300	11100

0	9750
11700	9750
11700	14100
21100	14100
21100	8350
37800	8350

0	1160
11	1160
11	11100
7290	11100
7290	9640
38100	9640

0	10200
19100	10200
19100	9470
38000	9470

0	2040
30.2	2040
30.2	10200
39200	10200

0	1350
27.6	1350
27.6	21900
829	21900
829	9210
17500	9210
17500	10600
38800	10600

0	10400
927	10400
927	9590
37100	9590

0	32500
149	32500
149	10100
2120	10100
2120	7900
5810	7900
5810	12600
20900	12600
20900	8760
38400	8760

0	10100
12100	10100
12100	10600
40400	10600
